{"/home/travis/build/npmtest/node-npmtest-yamljs/test.js":{"path":"/home/travis/build/npmtest/node-npmtest-yamljs/test.js","s":{"1":2,"2":2,"3":2,"4":2,"5":2,"6":2,"7":2,"8":1,"9":2,"10":2,"11":1,"12":1,"13":1,"14":1,"15":2,"16":2,"17":2,"18":2,"19":1,"20":1,"21":2,"22":2,"23":2,"24":1,"25":1,"26":1,"27":1,"28":1,"29":1,"30":1,"31":1,"32":1,"33":1,"34":1,"35":1,"36":1,"37":1,"38":1,"39":2,"40":2,"41":1,"42":2,"43":2,"44":1,"45":2,"46":2,"47":1,"48":2,"49":2,"50":1,"51":1,"52":1,"53":1,"54":1},"b":{"1":[2,1,1,1],"2":[1,1,1,1],"3":[1,1],"4":[1,1],"5":[1,1],"6":[1,1],"7":[1,1],"8":[1,1],"9":[1,1],"10":[1,1,1],"11":[1,1],"12":[1,1],"13":[1,1],"14":[1,1],"15":[1,1],"16":[1,1],"17":[1,1]},"f":{"1":2,"2":2,"3":2,"4":2,"5":2,"6":1,"7":1,"8":1,"9":2,"10":2,"11":2,"12":2,"13":1},"fnMap":{"1":{"name":"(anonymous_1)","line":12,"loc":{"start":{"line":12,"column":1},"end":{"line":12,"column":13}}},"2":{"name":"(anonymous_2)","line":19,"loc":{"start":{"line":19,"column":5},"end":{"line":19,"column":17}}},"3":{"name":"(anonymous_3)","line":23,"loc":{"start":{"line":23,"column":24},"end":{"line":23,"column":36}}},"4":{"name":"(anonymous_4)","line":61,"loc":{"start":{"line":61,"column":5},"end":{"line":61,"column":17}}},"5":{"name":"(anonymous_5)","line":82,"loc":{"start":{"line":82,"column":5},"end":{"line":82,"column":17}}},"6":{"name":"(anonymous_6)","line":91,"loc":{"start":{"line":91,"column":77},"end":{"line":94,"column":10}}},"7":{"name":"(anonymous_7)","line":112,"loc":{"start":{"line":112,"column":83},"end":{"line":115,"column":10}},"skip":true},"8":{"name":"(anonymous_8)","line":123,"loc":{"start":{"line":123,"column":77},"end":{"line":126,"column":10}},"skip":true},"9":{"name":"(anonymous_9)","line":139,"loc":{"start":{"line":139,"column":12},"end":{"line":139,"column":40}},"skip":true},"10":{"name":"(anonymous_10)","line":147,"loc":{"start":{"line":147,"column":77},"end":{"line":150,"column":10}},"skip":true},"11":{"name":"(anonymous_11)","line":158,"loc":{"start":{"line":158,"column":83},"end":{"line":161,"column":10}},"skip":true},"12":{"name":"(anonymous_12)","line":169,"loc":{"start":{"line":169,"column":79},"end":{"line":172,"column":10}},"skip":true},"13":{"name":"(anonymous_13)","line":180,"loc":{"start":{"line":180,"column":75},"end":{"line":183,"column":10}},"skip":true}},"statementMap":{"1":{"start":{"line":12,"column":0},"end":{"line":195,"column":5}},"2":{"start":{"line":14,"column":4},"end":{"line":14,"column":14}},"3":{"start":{"line":19,"column":4},"end":{"line":56,"column":9}},"4":{"start":{"line":21,"column":8},"end":{"line":21,"column":19}},"5":{"start":{"line":23,"column":8},"end":{"line":35,"column":13}},"6":{"start":{"line":24,"column":12},"end":{"line":34,"column":13}},"7":{"start":{"line":25,"column":16},"end":{"line":28,"column":30}},"8":{"start":{"line":30,"column":16},"end":{"line":33,"column":27}},"9":{"start":{"line":37,"column":8},"end":{"line":39,"column":21}},"10":{"start":{"line":40,"column":8},"end":{"line":53,"column":9}},"11":{"start":{"line":43,"column":12},"end":{"line":46,"column":14}},"12":{"start":{"line":47,"column":12},"end":{"line":47,"column":18}},"13":{"start":{"line":50,"column":12},"end":{"line":51,"column":46}},"14":{"start":{"line":52,"column":12},"end":{"line":52,"column":18}},"15":{"start":{"line":55,"column":8},"end":{"line":55,"column":35}},"16":{"start":{"line":61,"column":4},"end":{"line":63,"column":9}},"17":{"start":{"line":62,"column":8},"end":{"line":62,"column":15}},"18":{"start":{"line":64,"column":4},"end":{"line":77,"column":5}},"19":{"start":{"line":70,"column":8},"end":{"line":70,"column":14}},"20":{"start":{"line":76,"column":8},"end":{"line":76,"column":14}},"21":{"start":{"line":82,"column":4},"end":{"line":84,"column":9}},"22":{"start":{"line":83,"column":8},"end":{"line":83,"column":15}},"23":{"start":{"line":85,"column":4},"end":{"line":194,"column":5}},"24":{"start":{"line":91,"column":8},"end":{"line":99,"column":10}},"25":{"start":{"line":98,"column":12},"end":{"line":98,"column":35}},"26":{"start":{"line":102,"column":8},"end":{"line":104,"column":63}},"27":{"start":{"line":105,"column":8},"end":{"line":105,"column":14}},"28":{"start":{"line":112,"column":8},"end":{"line":121,"column":10},"skip":true},"29":{"start":{"line":119,"column":12},"end":{"line":119,"column":55},"skip":true},"30":{"start":{"line":120,"column":12},"end":{"line":120,"column":48},"skip":true},"31":{"start":{"line":123,"column":8},"end":{"line":136,"column":10},"skip":true},"32":{"start":{"line":130,"column":12},"end":{"line":130,"column":76},"skip":true},"33":{"start":{"line":131,"column":12},"end":{"line":131,"column":73},"skip":true},"34":{"start":{"line":132,"column":12},"end":{"line":132,"column":74},"skip":true},"35":{"start":{"line":133,"column":12},"end":{"line":133,"column":79},"skip":true},"36":{"start":{"line":134,"column":12},"end":{"line":134,"column":25},"skip":true},"37":{"start":{"line":135,"column":12},"end":{"line":135,"column":45},"skip":true},"38":{"start":{"line":138,"column":8},"end":{"line":145,"column":14},"skip":true},"39":{"start":{"line":143,"column":16},"end":{"line":143,"column":29},"skip":true},"40":{"start":{"line":144,"column":16},"end":{"line":144,"column":55},"skip":true},"41":{"start":{"line":147,"column":8},"end":{"line":156,"column":10},"skip":true},"42":{"start":{"line":154,"column":12},"end":{"line":154,"column":25},"skip":true},"43":{"start":{"line":155,"column":12},"end":{"line":155,"column":45},"skip":true},"44":{"start":{"line":158,"column":8},"end":{"line":167,"column":10},"skip":true},"45":{"start":{"line":165,"column":12},"end":{"line":165,"column":25},"skip":true},"46":{"start":{"line":166,"column":12},"end":{"line":166,"column":48},"skip":true},"47":{"start":{"line":169,"column":8},"end":{"line":178,"column":10},"skip":true},"48":{"start":{"line":176,"column":12},"end":{"line":176,"column":25},"skip":true},"49":{"start":{"line":177,"column":12},"end":{"line":177,"column":46},"skip":true},"50":{"start":{"line":180,"column":8},"end":{"line":189,"column":10},"skip":true},"51":{"start":{"line":187,"column":12},"end":{"line":187,"column":94},"skip":true},"52":{"start":{"line":188,"column":12},"end":{"line":188,"column":48},"skip":true},"53":{"start":{"line":192,"column":8},"end":{"line":192,"column":35},"skip":true},"54":{"start":{"line":193,"column":8},"end":{"line":193,"column":14},"skip":true}},"branchMap":{"1":{"line":25,"type":"binary-expr","locations":[{"start":{"line":25,"column":23},"end":{"line":25,"column":62}},{"start":{"line":26,"column":20},"end":{"line":26,"column":70}},{"start":{"line":27,"column":20},"end":{"line":27,"column":71}},{"start":{"line":28,"column":20},"end":{"line":28,"column":29}}]},"2":{"line":30,"type":"binary-expr","locations":[{"start":{"line":30,"column":23},"end":{"line":30,"column":37}},{"start":{"line":31,"column":20},"end":{"line":31,"column":61}},{"start":{"line":32,"column":20},"end":{"line":32,"column":70}},{"start":{"line":33,"column":20},"end":{"line":33,"column":26}}]},"3":{"line":37,"type":"cond-expr","locations":[{"start":{"line":38,"column":14},"end":{"line":38,"column":20}},{"start":{"line":39,"column":14},"end":{"line":39,"column":20}}]},"4":{"line":40,"type":"switch","locations":[{"start":{"line":42,"column":8},"end":{"line":47,"column":18}},{"start":{"line":49,"column":8},"end":{"line":52,"column":18}}]},"5":{"line":44,"type":"binary-expr","locations":[{"start":{"line":44,"column":16},"end":{"line":44,"column":44}},{"start":{"line":44,"column":48},"end":{"line":44,"column":66}}]},"6":{"line":50,"type":"binary-expr","locations":[{"start":{"line":50,"column":21},"end":{"line":50,"column":49}},{"start":{"line":50,"column":53},"end":{"line":50,"column":72}}]},"7":{"line":64,"type":"switch","locations":[{"start":{"line":69,"column":4},"end":{"line":70,"column":14}},{"start":{"line":75,"column":4},"end":{"line":76,"column":14}}]},"8":{"line":85,"type":"switch","locations":[{"start":{"line":90,"column":4},"end":{"line":105,"column":14}},{"start":{"line":111,"column":4},"end":{"line":193,"column":14},"skip":true}]},"9":{"line":91,"type":"binary-expr","locations":[{"start":{"line":91,"column":42},"end":{"line":91,"column":73}},{"start":{"line":91,"column":77},"end":{"line":99,"column":9}}]},"10":{"line":102,"type":"binary-expr","locations":[{"start":{"line":102,"column":18},"end":{"line":102,"column":32}},{"start":{"line":103,"column":12},"end":{"line":103,"column":53}},{"start":{"line":104,"column":12},"end":{"line":104,"column":61}}]},"11":{"line":112,"type":"binary-expr","locations":[{"start":{"line":112,"column":45},"end":{"line":112,"column":79},"skip":true},{"start":{"line":112,"column":83},"end":{"line":121,"column":9},"skip":true}]},"12":{"line":123,"type":"binary-expr","locations":[{"start":{"line":123,"column":42},"end":{"line":123,"column":73},"skip":true},{"start":{"line":123,"column":77},"end":{"line":136,"column":9},"skip":true}]},"13":{"line":138,"type":"binary-expr","locations":[{"start":{"line":138,"column":48},"end":{"line":138,"column":85},"skip":true},{"start":{"line":139,"column":12},"end":{"line":145,"column":13},"skip":true}]},"14":{"line":147,"type":"binary-expr","locations":[{"start":{"line":147,"column":42},"end":{"line":147,"column":73},"skip":true},{"start":{"line":147,"column":77},"end":{"line":156,"column":9},"skip":true}]},"15":{"line":158,"type":"binary-expr","locations":[{"start":{"line":158,"column":45},"end":{"line":158,"column":79},"skip":true},{"start":{"line":158,"column":83},"end":{"line":167,"column":9},"skip":true}]},"16":{"line":169,"type":"binary-expr","locations":[{"start":{"line":169,"column":43},"end":{"line":169,"column":75},"skip":true},{"start":{"line":169,"column":79},"end":{"line":178,"column":9},"skip":true}]},"17":{"line":180,"type":"binary-expr","locations":[{"start":{"line":180,"column":41},"end":{"line":180,"column":71},"skip":true},{"start":{"line":180,"column":75},"end":{"line":189,"column":9},"skip":true}]}},"code":["/* istanbul instrument in package npmtest_yamljs */","/*jslint","    bitwise: true,","    browser: true,","    maxerr: 8,","    maxlen: 96,","    node: true,","    nomen: true,","    regexp: true,","    stupid: true","*/","(function () {","    'use strict';","    var local;","","","","    // run shared js-env code - pre-init","    (function () {","        // init local","        local = {};","        // init modeJs","        local.modeJs = (function () {","            try {","                return typeof navigator.userAgent === 'string' &&","                    typeof document.querySelector('body') === 'object' &&","                    typeof XMLHttpRequest.prototype.open === 'function' &&","                    'browser';","            } catch (errorCaughtBrowser) {","                return module.exports &&","                    typeof process.versions.node === 'string' &&","                    typeof require('http').createServer === 'function' &&","                    'node';","            }","        }());","        // init global","        local.global = local.modeJs === 'browser'","            ? window","            : global;","        switch (local.modeJs) {","        // re-init local from window.local","        case 'browser':","            local = local.global.utility2.objectSetDefault(","                local.global.utility2_rollup || local.global.local,","                local.global.utility2","            );","            break;","        // re-init local from example.js","        case 'node':","            local = (local.global.utility2_rollup || require('utility2'))","                .requireExampleJsFromReadme();","            break;","        }","        // export local","        local.global.local = local;","    }());","","","","    // run shared js-env code - function","    (function () {","        return;","    }());","    switch (local.modeJs) {","","","","    // run browser js-env code - function","    case 'browser':","        break;","","","","    // run node js-env code - function","    case 'node':","        break;","    }","","","","    // run shared js-env code - post-init","    (function () {","        return;","    }());","    switch (local.modeJs) {","","","","    // run browser js-env code - post-init","    case 'browser':","        local.testCase_browser_nullCase = local.testCase_browser_nullCase || function (","            options,","            onError","        ) {","        /*","         * this function will test browsers's null-case handling-behavior-behavior","         */","            onError(null, options);","        };","","        // run tests","        local.nop(local.modeTest &&","            document.querySelector('#testRunButton1') &&","            document.querySelector('#testRunButton1').click());","        break;","","","","    // run node js-env code - post-init","    /* istanbul ignore next */","    case 'node':","        local.testCase_buildApidoc_default = local.testCase_buildApidoc_default || function (","            options,","            onError","        ) {","        /*","         * this function will test buildApidoc's default handling-behavior-behavior","         */","            options = { modulePathList: module.paths };","            local.buildApidoc(options, onError);","        };","","        local.testCase_buildApp_default = local.testCase_buildApp_default || function (","            options,","            onError","        ) {","        /*","         * this function will test buildApp's default handling-behavior-behavior","         */","            local.testCase_buildReadme_default(options, local.onErrorThrow);","            local.testCase_buildLib_default(options, local.onErrorThrow);","            local.testCase_buildTest_default(options, local.onErrorThrow);","            local.testCase_buildCustomOrg_default(options, local.onErrorThrow);","            options = [];","            local.buildApp(options, onError);","        };","","        local.testCase_buildCustomOrg_default = local.testCase_buildCustomOrg_default ||","            function (options, onError) {","            /*","             * this function will test buildCustomOrg's default handling-behavior","             */","                options = {};","                local.buildCustomOrg(options, onError);","            };","","        local.testCase_buildLib_default = local.testCase_buildLib_default || function (","            options,","            onError","        ) {","        /*","         * this function will test buildLib's default handling-behavior","         */","            options = {};","            local.buildLib(options, onError);","        };","","        local.testCase_buildReadme_default = local.testCase_buildReadme_default || function (","            options,","            onError","        ) {","        /*","         * this function will test buildReadme's default handling-behavior-behavior","         */","            options = {};","            local.buildReadme(options, onError);","        };","","        local.testCase_buildTest_default = local.testCase_buildTest_default || function (","            options,","            onError","        ) {","        /*","         * this function will test buildTest's default handling-behavior","         */","            options = {};","            local.buildTest(options, onError);","        };","","        local.testCase_webpage_default = local.testCase_webpage_default || function (","            options,","            onError","        ) {","        /*","         * this function will test webpage's default handling-behavior","         */","            options = { modeCoverageMerge: true, url: local.serverLocalHost + '?modeTest=1' };","            local.browserTest(options, onError);","        };","","        // run test-server","        local.testRunServer(local);","        break;","    }","}());",""],"l":{"12":2,"14":2,"19":2,"21":2,"23":2,"24":2,"25":2,"30":1,"37":2,"40":2,"43":1,"47":1,"50":1,"52":1,"55":2,"61":2,"62":2,"64":2,"70":1,"76":1,"82":2,"83":2,"85":2,"91":1,"98":1,"102":1,"105":1,"112":1,"119":1,"120":1,"123":1,"130":1,"131":1,"132":1,"133":1,"134":1,"135":1,"138":1,"143":2,"144":2,"147":1,"154":2,"155":2,"158":1,"165":2,"166":2,"169":1,"176":2,"177":2,"180":1,"187":1,"188":1,"192":1,"193":1}},"/home/travis/build/npmtest/node-npmtest-yamljs/lib.npmtest_yamljs.js":{"path":"/home/travis/build/npmtest/node-npmtest-yamljs/lib.npmtest_yamljs.js","s":{"1":2,"2":2,"3":2,"4":2,"5":2,"6":2,"7":2,"8":1,"9":2,"10":2,"11":2,"12":2,"13":1,"14":1,"15":1,"16":1},"b":{"1":[2,1,1,1],"2":[1,1,1,1],"3":[1,1],"4":[2,2],"5":[1,1]},"f":{"1":2,"2":2,"3":2},"fnMap":{"1":{"name":"(anonymous_1)","line":12,"loc":{"start":{"line":12,"column":1},"end":{"line":12,"column":13}}},"2":{"name":"(anonymous_2)","line":19,"loc":{"start":{"line":19,"column":5},"end":{"line":19,"column":17}}},"3":{"name":"(anonymous_3)","line":23,"loc":{"start":{"line":23,"column":24},"end":{"line":23,"column":36}}}},"statementMap":{"1":{"start":{"line":12,"column":0},"end":{"line":53,"column":5}},"2":{"start":{"line":14,"column":4},"end":{"line":14,"column":14}},"3":{"start":{"line":19,"column":4},"end":{"line":52,"column":9}},"4":{"start":{"line":21,"column":8},"end":{"line":21,"column":19}},"5":{"start":{"line":23,"column":8},"end":{"line":35,"column":13}},"6":{"start":{"line":24,"column":12},"end":{"line":34,"column":13}},"7":{"start":{"line":25,"column":16},"end":{"line":28,"column":30}},"8":{"start":{"line":30,"column":16},"end":{"line":33,"column":27}},"9":{"start":{"line":37,"column":8},"end":{"line":39,"column":21}},"10":{"start":{"line":41,"column":8},"end":{"line":41,"column":54}},"11":{"start":{"line":43,"column":8},"end":{"line":43,"column":51}},"12":{"start":{"line":45,"column":8},"end":{"line":51,"column":9}},"13":{"start":{"line":46,"column":12},"end":{"line":46,"column":57}},"14":{"start":{"line":48,"column":12},"end":{"line":48,"column":35}},"15":{"start":{"line":49,"column":12},"end":{"line":49,"column":49}},"16":{"start":{"line":50,"column":12},"end":{"line":50,"column":43}}},"branchMap":{"1":{"line":25,"type":"binary-expr","locations":[{"start":{"line":25,"column":23},"end":{"line":25,"column":62}},{"start":{"line":26,"column":20},"end":{"line":26,"column":70}},{"start":{"line":27,"column":20},"end":{"line":27,"column":71}},{"start":{"line":28,"column":20},"end":{"line":28,"column":29}}]},"2":{"line":30,"type":"binary-expr","locations":[{"start":{"line":30,"column":23},"end":{"line":30,"column":37}},{"start":{"line":31,"column":20},"end":{"line":31,"column":61}},{"start":{"line":32,"column":20},"end":{"line":32,"column":70}},{"start":{"line":33,"column":20},"end":{"line":33,"column":26}}]},"3":{"line":37,"type":"cond-expr","locations":[{"start":{"line":38,"column":14},"end":{"line":38,"column":20}},{"start":{"line":39,"column":14},"end":{"line":39,"column":20}}]},"4":{"line":41,"type":"binary-expr","locations":[{"start":{"line":41,"column":16},"end":{"line":41,"column":44}},{"start":{"line":41,"column":48},"end":{"line":41,"column":53}}]},"5":{"line":45,"type":"if","locations":[{"start":{"line":45,"column":8},"end":{"line":45,"column":8}},{"start":{"line":45,"column":8},"end":{"line":45,"column":8}}]}},"code":["/* istanbul instrument in package npmtest_yamljs */","/*jslint","    bitwise: true,","    browser: true,","    maxerr: 8,","    maxlen: 96,","    node: true,","    nomen: true,","    regexp: true,","    stupid: true","*/","(function () {","    'use strict';","    var local;","","","","    // run shared js-env code - pre-init","    (function () {","        // init local","        local = {};","        // init modeJs","        local.modeJs = (function () {","            try {","                return typeof navigator.userAgent === 'string' &&","                    typeof document.querySelector('body') === 'object' &&","                    typeof XMLHttpRequest.prototype.open === 'function' &&","                    'browser';","            } catch (errorCaughtBrowser) {","                return module.exports &&","                    typeof process.versions.node === 'string' &&","                    typeof require('http').createServer === 'function' &&","                    'node';","            }","        }());","        // init global","        local.global = local.modeJs === 'browser'","            ? window","            : global;","        // init utility2_rollup","        local = local.global.utility2_rollup || local;","        // init lib","        local.local = local.npmtest_yamljs = local;","        // init exports","        if (local.modeJs === 'browser') {","            local.global.utility2_npmtest_yamljs = local;","        } else {","            module.exports = local;","            module.exports.__dirname = __dirname;","            module.exports.module = module;","        }","    }());","}());",""],"l":{"12":2,"14":2,"19":2,"21":2,"23":2,"24":2,"25":2,"30":1,"37":2,"41":2,"43":2,"45":2,"46":1,"48":1,"49":1,"50":1}},"/home/travis/build/npmtest/node-npmtest-yamljs/example.js":{"path":"/home/travis/build/npmtest/node-npmtest-yamljs/example.js","s":{"1":2,"2":2,"3":2,"4":2,"5":2,"6":2,"7":2,"8":1,"9":2,"10":2,"11":2,"12":2,"13":1,"14":2,"15":2,"16":2,"17":2,"18":2,"19":0,"20":2,"21":1,"22":1,"23":1,"24":1,"25":1,"26":0,"27":0,"28":1,"29":1,"30":2,"31":0,"32":0,"33":0,"34":1,"35":2,"36":2,"37":3,"38":3,"39":3,"40":3,"41":0,"42":3,"43":3,"44":3,"45":1,"46":3,"47":1,"48":1,"49":1,"50":1,"51":1,"52":1,"53":1,"54":1,"55":1,"56":1,"57":0,"58":1,"59":6,"60":6,"61":1,"62":2,"63":0,"64":2,"65":1,"66":1,"67":0,"68":0,"69":0,"70":0,"71":0,"72":0,"73":0,"74":0,"75":0,"76":0,"77":0,"78":0,"79":0,"80":0,"81":0,"82":0,"83":0},"b":{"1":[2,1,1,1],"2":[1,1,1,1],"3":[1,1],"4":[2,2],"5":[1,1],"6":[1,1],"7":[2,0],"8":[2,1,1,1,1,1],"9":[0,2,0],"10":[1,1],"11":[2,1,1],"12":[1,0],"13":[0,2],"14":[2,0,0,0,0,0,0],"15":[0,3],"16":[3,0],"17":[1,1],"18":[0,1],"19":[1,2,0,2],"20":[1,0],"21":[1,1],"22":[0,0],"23":[0,0],"24":[0,0],"25":[0,0],"26":[0,0],"27":[0,0],"28":[0,0]},"f":{"1":2,"2":2,"3":2,"4":2,"5":2,"6":2,"7":3,"8":3,"9":3,"10":1,"11":6,"12":0},"fnMap":{"1":{"name":"(anonymous_1)","line":26,"loc":{"start":{"line":26,"column":1},"end":{"line":26,"column":13}}},"2":{"name":"(anonymous_2)","line":33,"loc":{"start":{"line":33,"column":5},"end":{"line":33,"column":17}}},"3":{"name":"(anonymous_3)","line":37,"loc":{"start":{"line":37,"column":24},"end":{"line":37,"column":36}}},"4":{"name":"(anonymous_4)","line":69,"loc":{"start":{"line":69,"column":31},"end":{"line":69,"column":48}},"skip":true},"5":{"name":"(anonymous_5)","line":78,"loc":{"start":{"line":78,"column":26},"end":{"line":78,"column":45}},"skip":true},"6":{"name":"(anonymous_6)","line":123,"loc":{"start":{"line":123,"column":33},"end":{"line":123,"column":48}},"skip":true},"7":{"name":"(anonymous_7)","line":125,"loc":{"start":{"line":125,"column":27},"end":{"line":125,"column":39}},"skip":true},"8":{"name":"(anonymous_8)","line":133,"loc":{"start":{"line":133,"column":59},"end":{"line":133,"column":74}},"skip":true},"9":{"name":"(anonymous_9)","line":143,"loc":{"start":{"line":143,"column":45},"end":{"line":143,"column":62}},"skip":true},"10":{"name":"(anonymous_10)","line":144,"loc":{"start":{"line":144,"column":73},"end":{"line":144,"column":92}},"skip":true},"11":{"name":"(anonymous_11)","line":272,"loc":{"start":{"line":272,"column":51},"end":{"line":272,"column":77}},"skip":true},"12":{"name":"(anonymous_12)","line":315,"loc":{"start":{"line":315,"column":32},"end":{"line":315,"column":61}},"skip":true}},"statementMap":{"1":{"start":{"line":26,"column":0},"end":{"line":326,"column":5}},"2":{"start":{"line":28,"column":4},"end":{"line":28,"column":14}},"3":{"start":{"line":33,"column":4},"end":{"line":60,"column":9}},"4":{"start":{"line":35,"column":8},"end":{"line":35,"column":19}},"5":{"start":{"line":37,"column":8},"end":{"line":49,"column":13}},"6":{"start":{"line":38,"column":12},"end":{"line":48,"column":13}},"7":{"start":{"line":39,"column":16},"end":{"line":42,"column":30}},"8":{"start":{"line":44,"column":16},"end":{"line":47,"column":27}},"9":{"start":{"line":51,"column":8},"end":{"line":53,"column":21}},"10":{"start":{"line":55,"column":8},"end":{"line":57,"column":45}},"11":{"start":{"line":59,"column":8},"end":{"line":59,"column":35}},"12":{"start":{"line":61,"column":4},"end":{"line":325,"column":5}},"13":{"start":{"line":69,"column":8},"end":{"line":121,"column":10},"skip":true},"14":{"start":{"line":70,"column":12},"end":{"line":88,"column":13},"skip":true},"15":{"start":{"line":76,"column":16},"end":{"line":87,"column":19},"skip":true},"16":{"start":{"line":79,"column":20},"end":{"line":86,"column":21},"skip":true},"17":{"start":{"line":82,"column":24},"end":{"line":82,"column":43},"skip":true},"18":{"start":{"line":83,"column":24},"end":{"line":83,"column":30},"skip":true},"19":{"start":{"line":85,"column":24},"end":{"line":85,"column":49},"skip":true},"20":{"start":{"line":89,"column":12},"end":{"line":107,"column":13},"skip":true},"21":{"start":{"line":92,"column":16},"end":{"line":102,"column":17},"skip":true},"22":{"start":{"line":93,"column":20},"end":{"line":93,"column":86},"skip":true},"23":{"start":{"line":94,"column":20},"end":{"line":95,"column":45},"skip":true},"24":{"start":{"line":96,"column":20},"end":{"line":96,"column":42},"skip":true},"25":{"start":{"line":97,"column":20},"end":{"line":97,"column":48},"skip":true},"26":{"start":{"line":100,"column":20},"end":{"line":100,"column":85},"skip":true},"27":{"start":{"line":101,"column":20},"end":{"line":101,"column":96},"skip":true},"28":{"start":{"line":103,"column":16},"end":{"line":103,"column":22},"skip":true},"29":{"start":{"line":106,"column":16},"end":{"line":106,"column":22},"skip":true},"30":{"start":{"line":108,"column":12},"end":{"line":120,"column":13},"skip":true},"31":{"start":{"line":114,"column":16},"end":{"line":119,"column":17},"skip":true},"32":{"start":{"line":116,"column":20},"end":{"line":116,"column":78},"skip":true},"33":{"start":{"line":118,"column":20},"end":{"line":118,"column":47},"skip":true},"34":{"start":{"line":123,"column":8},"end":{"line":141,"column":11},"skip":true},"35":{"start":{"line":124,"column":12},"end":{"line":124,"column":54},"skip":true},"36":{"start":{"line":125,"column":12},"end":{"line":140,"column":14},"skip":true},"37":{"start":{"line":126,"column":16},"end":{"line":126,"column":28},"skip":true},"38":{"start":{"line":127,"column":16},"end":{"line":127,"column":69},"skip":true},"39":{"start":{"line":128,"column":16},"end":{"line":128,"column":75},"skip":true},"40":{"start":{"line":129,"column":16},"end":{"line":131,"column":17},"skip":true},"41":{"start":{"line":130,"column":20},"end":{"line":130,"column":27},"skip":true},"42":{"start":{"line":133,"column":16},"end":{"line":137,"column":36},"skip":true},"43":{"start":{"line":134,"column":20},"end":{"line":136,"column":55},"skip":true},"44":{"start":{"line":139,"column":16},"end":{"line":139,"column":57},"skip":true},"45":{"start":{"line":143,"column":8},"end":{"line":147,"column":11},"skip":true},"46":{"start":{"line":144,"column":12},"end":{"line":146,"column":15},"skip":true},"47":{"start":{"line":145,"column":16},"end":{"line":145,"column":70},"skip":true},"48":{"start":{"line":149,"column":8},"end":{"line":149,"column":31},"skip":true},"49":{"start":{"line":150,"column":8},"end":{"line":150,"column":14},"skip":true},"50":{"start":{"line":158,"column":8},"end":{"line":158,"column":31},"skip":true},"51":{"start":{"line":160,"column":8},"end":{"line":160,"column":33},"skip":true},"52":{"start":{"line":161,"column":8},"end":{"line":161,"column":37},"skip":true},"53":{"start":{"line":162,"column":8},"end":{"line":162,"column":35},"skip":true},"54":{"start":{"line":164,"column":8},"end":{"line":164,"column":50},"skip":true},"55":{"start":{"line":166,"column":8},"end":{"line":256,"column":2},"skip":true},"56":{"start":{"line":258,"column":8},"end":{"line":286,"column":9},"skip":true},"57":{"start":{"line":259,"column":12},"end":{"line":269,"column":14},"skip":true},"58":{"start":{"line":271,"column":12},"end":{"line":285,"column":19},"skip":true},"59":{"start":{"line":274,"column":20},"end":{"line":274,"column":35},"skip":true},"60":{"start":{"line":275,"column":20},"end":{"line":284,"column":21},"skip":true},"61":{"start":{"line":277,"column":24},"end":{"line":277,"column":64},"skip":true},"62":{"start":{"line":279,"column":24},"end":{"line":279,"column":40},"skip":true},"63":{"start":{"line":281,"column":24},"end":{"line":281,"column":40},"skip":true},"64":{"start":{"line":283,"column":24},"end":{"line":283,"column":39},"skip":true},"65":{"start":{"line":288,"column":8},"end":{"line":290,"column":9},"skip":true},"66":{"start":{"line":289,"column":12},"end":{"line":289,"column":18},"skip":true},"67":{"start":{"line":291,"column":8},"end":{"line":293,"column":54},"skip":true},"68":{"start":{"line":296,"column":8},"end":{"line":301,"column":37},"skip":true},"69":{"start":{"line":303,"column":8},"end":{"line":303,"column":82},"skip":true},"70":{"start":{"line":306,"column":8},"end":{"line":308,"column":9},"skip":true},"71":{"start":{"line":307,"column":12},"end":{"line":307,"column":82},"skip":true},"72":{"start":{"line":310,"column":8},"end":{"line":312,"column":9},"skip":true},"73":{"start":{"line":311,"column":12},"end":{"line":311,"column":18},"skip":true},"74":{"start":{"line":313,"column":8},"end":{"line":313,"column":54},"skip":true},"75":{"start":{"line":314,"column":8},"end":{"line":314,"column":69},"skip":true},"76":{"start":{"line":315,"column":8},"end":{"line":323,"column":36},"skip":true},"77":{"start":{"line":316,"column":12},"end":{"line":316,"column":61},"skip":true},"78":{"start":{"line":317,"column":12},"end":{"line":320,"column":13},"skip":true},"79":{"start":{"line":318,"column":16},"end":{"line":318,"column":75},"skip":true},"80":{"start":{"line":319,"column":16},"end":{"line":319,"column":23},"skip":true},"81":{"start":{"line":321,"column":12},"end":{"line":321,"column":38},"skip":true},"82":{"start":{"line":322,"column":12},"end":{"line":322,"column":27},"skip":true},"83":{"start":{"line":324,"column":8},"end":{"line":324,"column":14},"skip":true}},"branchMap":{"1":{"line":39,"type":"binary-expr","locations":[{"start":{"line":39,"column":23},"end":{"line":39,"column":62}},{"start":{"line":40,"column":20},"end":{"line":40,"column":70}},{"start":{"line":41,"column":20},"end":{"line":41,"column":71}},{"start":{"line":42,"column":20},"end":{"line":42,"column":29}}]},"2":{"line":44,"type":"binary-expr","locations":[{"start":{"line":44,"column":23},"end":{"line":44,"column":37}},{"start":{"line":45,"column":20},"end":{"line":45,"column":61}},{"start":{"line":46,"column":20},"end":{"line":46,"column":70}},{"start":{"line":47,"column":20},"end":{"line":47,"column":26}}]},"3":{"line":51,"type":"cond-expr","locations":[{"start":{"line":52,"column":14},"end":{"line":52,"column":20}},{"start":{"line":53,"column":14},"end":{"line":53,"column":20}}]},"4":{"line":55,"type":"binary-expr","locations":[{"start":{"line":55,"column":16},"end":{"line":55,"column":44}},{"start":{"line":55,"column":49},"end":{"line":57,"column":43}}]},"5":{"line":55,"type":"cond-expr","locations":[{"start":{"line":56,"column":14},"end":{"line":56,"column":50}},{"start":{"line":57,"column":14},"end":{"line":57,"column":43}}]},"6":{"line":61,"type":"switch","locations":[{"start":{"line":68,"column":4},"end":{"line":150,"column":14},"skip":true},{"start":{"line":156,"column":4},"end":{"line":324,"column":14},"skip":true}]},"7":{"line":70,"type":"if","locations":[{"start":{"line":70,"column":12},"end":{"line":70,"column":12},"skip":true},{"start":{"line":70,"column":12},"end":{"line":70,"column":12},"skip":true}]},"8":{"line":70,"type":"binary-expr","locations":[{"start":{"line":70,"column":16},"end":{"line":70,"column":22},"skip":true},{"start":{"line":70,"column":27},"end":{"line":70,"column":32},"skip":true},{"start":{"line":71,"column":20},"end":{"line":71,"column":39},"skip":true},{"start":{"line":72,"column":20},"end":{"line":72,"column":49},"skip":true},{"start":{"line":73,"column":20},"end":{"line":73,"column":58},"skip":true},{"start":{"line":74,"column":20},"end":{"line":74,"column":69},"skip":true}]},"9":{"line":79,"type":"switch","locations":[{"start":{"line":80,"column":20},"end":{"line":80,"column":33},"skip":true},{"start":{"line":81,"column":20},"end":{"line":83,"column":30},"skip":true},{"start":{"line":84,"column":20},"end":{"line":85,"column":49},"skip":true}]},"10":{"line":89,"type":"switch","locations":[{"start":{"line":90,"column":12},"end":{"line":103,"column":22},"skip":true},{"start":{"line":105,"column":12},"end":{"line":106,"column":22},"skip":true}]},"11":{"line":89,"type":"binary-expr","locations":[{"start":{"line":89,"column":20},"end":{"line":89,"column":25},"skip":true},{"start":{"line":89,"column":29},"end":{"line":89,"column":48},"skip":true},{"start":{"line":89,"column":52},"end":{"line":89,"column":74},"skip":true}]},"12":{"line":92,"type":"if","locations":[{"start":{"line":92,"column":16},"end":{"line":92,"column":16},"skip":true},{"start":{"line":92,"column":16},"end":{"line":92,"column":16},"skip":true}]},"13":{"line":108,"type":"if","locations":[{"start":{"line":108,"column":12},"end":{"line":108,"column":12},"skip":true},{"start":{"line":108,"column":12},"end":{"line":108,"column":12},"skip":true}]},"14":{"line":108,"type":"binary-expr","locations":[{"start":{"line":108,"column":16},"end":{"line":108,"column":61},"skip":true},{"start":{"line":108,"column":66},"end":{"line":108,"column":72},"skip":true},{"start":{"line":108,"column":77},"end":{"line":108,"column":82},"skip":true},{"start":{"line":109,"column":20},"end":{"line":109,"column":39},"skip":true},{"start":{"line":110,"column":20},"end":{"line":110,"column":49},"skip":true},{"start":{"line":111,"column":20},"end":{"line":111,"column":58},"skip":true},{"start":{"line":112,"column":20},"end":{"line":112,"column":68},"skip":true}]},"15":{"line":129,"type":"if","locations":[{"start":{"line":129,"column":16},"end":{"line":129,"column":16},"skip":true},{"start":{"line":129,"column":16},"end":{"line":129,"column":16},"skip":true}]},"16":{"line":134,"type":"cond-expr","locations":[{"start":{"line":135,"column":26},"end":{"line":135,"column":29},"skip":true},{"start":{"line":136,"column":26},"end":{"line":136,"column":54},"skip":true}]},"17":{"line":164,"type":"binary-expr","locations":[{"start":{"line":164,"column":27},"end":{"line":164,"column":43},"skip":true},{"start":{"line":164,"column":47},"end":{"line":164,"column":49},"skip":true}]},"18":{"line":258,"type":"if","locations":[{"start":{"line":258,"column":8},"end":{"line":258,"column":8},"skip":true},{"start":{"line":258,"column":8},"end":{"line":258,"column":8},"skip":true}]},"19":{"line":275,"type":"switch","locations":[{"start":{"line":276,"column":20},"end":{"line":277,"column":64},"skip":true},{"start":{"line":278,"column":20},"end":{"line":279,"column":40},"skip":true},{"start":{"line":280,"column":20},"end":{"line":281,"column":40},"skip":true},{"start":{"line":282,"column":20},"end":{"line":283,"column":39},"skip":true}]},"20":{"line":288,"type":"if","locations":[{"start":{"line":288,"column":8},"end":{"line":288,"column":8},"skip":true},{"start":{"line":288,"column":8},"end":{"line":288,"column":8},"skip":true}]},"21":{"line":288,"type":"binary-expr","locations":[{"start":{"line":288,"column":12},"end":{"line":288,"column":40},"skip":true},{"start":{"line":288,"column":44},"end":{"line":288,"column":67},"skip":true}]},"22":{"line":292,"type":"binary-expr","locations":[{"start":{"line":292,"column":12},"end":{"line":292,"column":50},"skip":true},{"start":{"line":293,"column":12},"end":{"line":293,"column":53},"skip":true}]},"23":{"line":297,"type":"binary-expr","locations":[{"start":{"line":297,"column":12},"end":{"line":297,"column":64},"skip":true},{"start":{"line":298,"column":12},"end":{"line":301,"column":36},"skip":true}]},"24":{"line":303,"type":"binary-expr","locations":[{"start":{"line":303,"column":43},"end":{"line":303,"column":75},"skip":true},{"start":{"line":303,"column":79},"end":{"line":303,"column":81},"skip":true}]},"25":{"line":306,"type":"if","locations":[{"start":{"line":306,"column":8},"end":{"line":306,"column":8},"skip":true},{"start":{"line":306,"column":8},"end":{"line":306,"column":8},"skip":true}]},"26":{"line":310,"type":"if","locations":[{"start":{"line":310,"column":8},"end":{"line":310,"column":8},"skip":true},{"start":{"line":310,"column":8},"end":{"line":310,"column":8},"skip":true}]},"27":{"line":313,"type":"binary-expr","locations":[{"start":{"line":313,"column":27},"end":{"line":313,"column":43},"skip":true},{"start":{"line":313,"column":47},"end":{"line":313,"column":53},"skip":true}]},"28":{"line":317,"type":"if","locations":[{"start":{"line":317,"column":12},"end":{"line":317,"column":12},"skip":true},{"start":{"line":317,"column":12},"end":{"line":317,"column":12},"skip":true}]}},"code":["/*","example.js","","quickstart example","","instruction","    1. save this script as example.js","    2. run the shell command:","        $ npm install npmtest-yamljs && PORT=8081 node example.js","    3. play with the browser-demo on http://127.0.0.1:8081","*/","","","","/* istanbul instrument in package npmtest_yamljs */","/*jslint","    bitwise: true,","    browser: true,","    maxerr: 8,","    maxlen: 96,","    node: true,","    nomen: true,","    regexp: true,","    stupid: true","*/","(function () {","    'use strict';","    var local;","","","","    // run shared js-env code - pre-init","    (function () {","        // init local","        local = {};","        // init modeJs","        local.modeJs = (function () {","            try {","                return typeof navigator.userAgent === 'string' &&","                    typeof document.querySelector('body') === 'object' &&","                    typeof XMLHttpRequest.prototype.open === 'function' &&","                    'browser';","            } catch (errorCaughtBrowser) {","                return module.exports &&","                    typeof process.versions.node === 'string' &&","                    typeof require('http').createServer === 'function' &&","                    'node';","            }","        }());","        // init global","        local.global = local.modeJs === 'browser'","            ? window","            : global;","        // init utility2_rollup","        local = local.global.utility2_rollup || (local.modeJs === 'browser'","            ? local.global.utility2_npmtest_yamljs","            : global.utility2_moduleExports);","        // export local","        local.global.local = local;","    }());","    switch (local.modeJs) {","","","","    // post-init","    // run browser js-env code - post-init","    /* istanbul ignore next */","    case 'browser':","        local.testRunBrowser = function (event) {","            if (!event || (event &&","                    event.currentTarget &&","                    event.currentTarget.className &&","                    event.currentTarget.className.includes &&","                    event.currentTarget.className.includes('onreset'))) {","                // reset output","                Array.from(","                    document.querySelectorAll('body > .resettable')","                ).forEach(function (element) {","                    switch (element.tagName) {","                    case 'INPUT':","                    case 'TEXTAREA':","                        element.value = '';","                        break;","                    default:","                        element.textContent = '';","                    }","                });","            }","            switch (event && event.currentTarget && event.currentTarget.id) {","            case 'testRunButton1':","                // show tests","                if (document.querySelector('#testReportDiv1').style.display === 'none') {","                    document.querySelector('#testReportDiv1').style.display = 'block';","                    document.querySelector('#testRunButton1').textContent =","                        'hide internal test';","                    local.modeTest = true;","                    local.testRunDefault(local);","                // hide tests","                } else {","                    document.querySelector('#testReportDiv1').style.display = 'none';","                    document.querySelector('#testRunButton1').textContent = 'run internal test';","                }","                break;","            // custom-case","            default:","                break;","            }","            if (document.querySelector('#inputTextareaEval1') && (!event || (event &&","                    event.currentTarget &&","                    event.currentTarget.className &&","                    event.currentTarget.className.includes &&","                    event.currentTarget.className.includes('oneval')))) {","                // try to eval input-code","                try {","                    /*jslint evil: true*/","                    eval(document.querySelector('#inputTextareaEval1').value);","                } catch (errorCaught) {","                    console.error(errorCaught);","                }","            }","        };","        // log stderr and stdout to #outputTextareaStdout1","        ['error', 'log'].forEach(function (key) {","            console[key + '_original'] = console[key];","            console[key] = function () {","                var element;","                console[key + '_original'].apply(console, arguments);","                element = document.querySelector('#outputTextareaStdout1');","                if (!element) {","                    return;","                }","                // append text to #outputTextareaStdout1","                element.value += Array.from(arguments).map(function (arg) {","                    return typeof arg === 'string'","                        ? arg","                        : JSON.stringify(arg, null, 4);","                }).join(' ') + '\\n';","                // scroll textarea to bottom","                element.scrollTop = element.scrollHeight;","            };","        });","        // init event-handling","        ['change', 'click', 'keyup'].forEach(function (event) {","            Array.from(document.querySelectorAll('.on' + event)).forEach(function (element) {","                element.addEventListener(event, local.testRunBrowser);","            });","        });","        // run tests","        local.testRunBrowser();","        break;","","","","    // run node js-env code - post-init","    /* istanbul ignore next */","    case 'node':","        // export local","        module.exports = local;","        // require modules","        local.fs = require('fs');","        local.http = require('http');","        local.url = require('url');","        // init assets","        local.assetsDict = local.assetsDict || {};","        /* jslint-ignore-begin */","        local.assetsDict['/assets.index.template.html'] = '\\","<!doctype html>\\n\\","<html lang=\"en\">\\n\\","<head>\\n\\","<meta charset=\"UTF-8\">\\n\\","<meta name=\"viewport\" content=\"width=device-width, initial-scale=1\">\\n\\","<title>{{env.npm_package_name}} (v{{env.npm_package_version}})</title>\\n\\","<style>\\n\\","/*csslint\\n\\","    box-sizing: false,\\n\\","    universal-selector: false\\n\\","*/\\n\\","* {\\n\\","    box-sizing: border-box;\\n\\","}\\n\\","body {\\n\\","    background: #dde;\\n\\","    font-family: Arial, Helvetica, sans-serif;\\n\\","    margin: 2rem;\\n\\","}\\n\\","body > * {\\n\\","    margin-bottom: 1rem;\\n\\","}\\n\\",".utility2FooterDiv {\\n\\","    margin-top: 20px;\\n\\","    text-align: center;\\n\\","}\\n\\","</style>\\n\\","<style>\\n\\","/*csslint\\n\\","*/\\n\\","textarea {\\n\\","    font-family: monospace;\\n\\","    height: 10rem;\\n\\","    width: 100%;\\n\\","}\\n\\","textarea[readonly] {\\n\\","    background: #ddd;\\n\\","}\\n\\","</style>\\n\\","</head>\\n\\","<body>\\n\\","<!-- utility2-comment\\n\\","<div id=\"ajaxProgressDiv1\" style=\"background: #d00; height: 2px; left: 0; margin: 0; padding: 0; position: fixed; top: 0; transition: background 0.5s, width 1.5s; width: 25%;\"></div>\\n\\","utility2-comment -->\\n\\","<h1>\\n\\","<!-- utility2-comment\\n\\","    <a\\n\\","        {{#if env.npm_package_homepage}}\\n\\","        href=\"{{env.npm_package_homepage}}\"\\n\\","        {{/if env.npm_package_homepage}}\\n\\","        target=\"_blank\"\\n\\","    >\\n\\","utility2-comment -->\\n\\","        {{env.npm_package_name}} (v{{env.npm_package_version}})\\n\\","<!-- utility2-comment\\n\\","    </a>\\n\\","utility2-comment -->\\n\\","</h1>\\n\\","<h3>{{env.npm_package_description}}</h3>\\n\\","<!-- utility2-comment\\n\\","<h4><a download href=\"assets.app.js\">download standalone app</a></h4>\\n\\","<button class=\"onclick onreset\" id=\"testRunButton1\">run internal test</button><br>\\n\\","<div id=\"testReportDiv1\" style=\"display: none;\"></div>\\n\\","utility2-comment -->\\n\\","\\n\\","\\n\\","\\n\\","<label>stderr and stdout</label>\\n\\","<textarea class=\"resettable\" id=\"outputTextareaStdout1\" readonly></textarea>\\n\\","<!-- utility2-comment\\n\\","{{#if isRollup}}\\n\\","<script src=\"assets.app.js\"></script>\\n\\","{{#unless isRollup}}\\n\\","utility2-comment -->\\n\\","<script src=\"assets.utility2.rollup.js\"></script>\\n\\","<script src=\"jsonp.utility2._stateInit?callback=window.utility2._stateInit\"></script>\\n\\","<script src=\"assets.npmtest_yamljs.rollup.js\"></script>\\n\\","<script src=\"assets.example.js\"></script>\\n\\","<script src=\"assets.test.js\"></script>\\n\\","<!-- utility2-comment\\n\\","{{/if isRollup}}\\n\\","utility2-comment -->\\n\\","<div class=\"utility2FooterDiv\">\\n\\","    [ this app was created with\\n\\","    <a href=\"https://github.com/kaizhu256/node-utility2\" target=\"_blank\">utility2</a>\\n\\","    ]\\n\\","</div>\\n\\","</body>\\n\\","</html>\\n\\","';","        /* jslint-ignore-end */","        if (local.templateRender) {","            local.assetsDict['/'] = local.templateRender(","                local.assetsDict['/assets.index.template.html'],","                {","                    env: local.objectSetDefault(local.env, {","                        npm_package_description: 'the greatest app in the world!',","                        npm_package_name: 'my-app',","                        npm_package_nameAlias: 'my_app',","                        npm_package_version: '0.0.1'","                    })","                }","            );","        } else {","            local.assetsDict['/'] = local.assetsDict['/assets.index.template.html']","                .replace((/\\{\\{env\\.(\\w+?)\\}\\}/g), function (match0, match1) {","                    // jslint-hack","                    String(match0);","                    switch (match1) {","                    case 'npm_package_description':","                        return 'the greatest app in the world!';","                    case 'npm_package_name':","                        return 'my-app';","                    case 'npm_package_nameAlias':","                        return 'my_app';","                    case 'npm_package_version':","                        return '0.0.1';","                    }","                });","        }","        // run the cli","        if (local.global.utility2_rollup || module !== require.main) {","            break;","        }","        local.assetsDict['/assets.example.js'] =","            local.assetsDict['/assets.example.js'] ||","            local.fs.readFileSync(__filename, 'utf8');","        // bug-workaround - long $npm_package_buildCustomOrg","        /* jslint-ignore-begin */","        local.assetsDict['/assets.npmtest_yamljs.rollup.js'] =","            local.assetsDict['/assets.npmtest_yamljs.rollup.js'] ||","            local.fs.readFileSync(","                local.npmtest_yamljs.__dirname + '/lib.npmtest_yamljs.js',","                'utf8'","            ).replace((/^#!/), '//');","        /* jslint-ignore-end */","        local.assetsDict['/favicon.ico'] = local.assetsDict['/favicon.ico'] || '';","        // if $npm_config_timeout_exit exists,","        // then exit this process after $npm_config_timeout_exit ms","        if (Number(process.env.npm_config_timeout_exit)) {","            setTimeout(process.exit, Number(process.env.npm_config_timeout_exit));","        }","        // start server","        if (local.global.utility2_serverHttp1) {","            break;","        }","        process.env.PORT = process.env.PORT || '8081';","        console.error('server starting on port ' + process.env.PORT);","        local.http.createServer(function (request, response) {","            request.urlParsed = local.url.parse(request.url);","            if (local.assetsDict[request.urlParsed.pathname] !== undefined) {","                response.end(local.assetsDict[request.urlParsed.pathname]);","                return;","            }","            response.statusCode = 404;","            response.end();","        }).listen(process.env.PORT);","        break;","    }","}());",""],"l":{"26":2,"28":2,"33":2,"35":2,"37":2,"38":2,"39":2,"44":1,"51":2,"55":2,"59":2,"61":2,"69":1,"70":2,"76":2,"79":2,"82":2,"83":2,"85":1,"89":2,"92":1,"93":1,"94":1,"96":1,"97":1,"100":1,"101":1,"103":1,"106":1,"108":2,"114":1,"116":1,"118":1,"123":1,"124":2,"125":2,"126":3,"127":3,"128":3,"129":3,"130":1,"133":3,"134":3,"139":3,"143":1,"144":3,"145":1,"149":1,"150":1,"158":1,"160":1,"161":1,"162":1,"164":1,"166":1,"258":1,"259":1,"271":1,"274":6,"275":6,"277":1,"279":2,"281":1,"283":2,"288":1,"289":1,"291":1,"296":1,"303":1,"306":1,"307":1,"310":1,"311":1,"313":1,"314":1,"315":1,"316":1,"317":1,"318":1,"319":1,"321":1,"322":1,"324":1}},"/home/travis/build/npmtest/node-npmtest-yamljs/node_modules/yamljs/lib/Yaml.js":{"path":"/home/travis/build/npmtest/node-npmtest-yamljs/node_modules/yamljs/lib/Yaml.js","s":{"1":1,"2":1,"3":1,"4":1,"5":1,"6":1,"7":1,"8":0,"9":0,"10":0,"11":0,"12":0,"13":1,"14":0,"15":0,"16":0,"17":0,"18":0,"19":0,"20":0,"21":0,"22":0,"23":0,"24":0,"25":0,"26":0,"27":0,"28":0,"29":0,"30":0,"31":0,"32":0,"33":1,"34":1,"35":1,"36":0,"37":1,"38":0,"39":1,"40":1,"41":1,"42":1,"43":1,"44":1,"45":1,"46":1,"47":0,"48":0,"49":0,"50":0,"51":0,"52":0,"53":1,"54":0,"55":1,"56":0,"57":1,"58":1,"59":0,"60":1,"61":1,"62":1},"b":{"1":[0,0],"2":[0,0],"3":[0,0],"4":[0,0],"5":[0,0],"6":[0,0],"7":[0,0],"8":[0,0],"9":[0,1],"10":[0,1],"11":[1,0],"12":[1,0],"13":[0,0],"14":[0,0],"15":[0,0],"16":[0,1],"17":[1,0],"18":[1,0],"19":[1,0]},"f":{"1":1,"2":0,"3":0,"4":0,"5":0,"6":0,"7":1,"8":0,"9":0,"10":0,"11":0},"fnMap":{"1":{"name":"(anonymous_1)","line":10,"loc":{"start":{"line":10,"column":8},"end":{"line":10,"column":19}}},"2":{"name":"Yaml","line":11,"loc":{"start":{"line":11,"column":2},"end":{"line":11,"column":18}}},"3":{"name":"(anonymous_3)","line":13,"loc":{"start":{"line":13,"column":15},"end":{"line":13,"column":70}}},"4":{"name":"(anonymous_4)","line":23,"loc":{"start":{"line":23,"column":19},"end":{"line":23,"column":83}}},"5":{"name":"(anonymous_5)","line":35,"loc":{"start":{"line":35,"column":44},"end":{"line":35,"column":60}}},"6":{"name":"(anonymous_6)","line":36,"loc":{"start":{"line":36,"column":15},"end":{"line":36,"column":31}}},"7":{"name":"(anonymous_7)","line":54,"loc":{"start":{"line":54,"column":14},"end":{"line":54,"column":85}}},"8":{"name":"(anonymous_8)","line":73,"loc":{"start":{"line":73,"column":18},"end":{"line":73,"column":29}}},"9":{"name":"(anonymous_9)","line":75,"loc":{"start":{"line":75,"column":22},"end":{"line":75,"column":49}}},"10":{"name":"(anonymous_10)","line":84,"loc":{"start":{"line":84,"column":19},"end":{"line":84,"column":90}}},"11":{"name":"(anonymous_11)","line":88,"loc":{"start":{"line":88,"column":14},"end":{"line":88,"column":78}}}},"statementMap":{"1":{"start":{"line":2,"column":0},"end":{"line":2,"column":32}},"2":{"start":{"line":4,"column":0},"end":{"line":4,"column":29}},"3":{"start":{"line":6,"column":0},"end":{"line":6,"column":29}},"4":{"start":{"line":8,"column":0},"end":{"line":8,"column":27}},"5":{"start":{"line":10,"column":0},"end":{"line":94,"column":5}},"6":{"start":{"line":11,"column":2},"end":{"line":11,"column":20}},"7":{"start":{"line":13,"column":2},"end":{"line":21,"column":4}},"8":{"start":{"line":14,"column":4},"end":{"line":16,"column":5}},"9":{"start":{"line":15,"column":6},"end":{"line":15,"column":37}},"10":{"start":{"line":17,"column":4},"end":{"line":19,"column":5}},"11":{"start":{"line":18,"column":6},"end":{"line":18,"column":27}},"12":{"start":{"line":20,"column":4},"end":{"line":20,"column":76}},"13":{"start":{"line":23,"column":2},"end":{"line":52,"column":4}},"14":{"start":{"line":24,"column":4},"end":{"line":24,"column":14}},"15":{"start":{"line":25,"column":4},"end":{"line":27,"column":5}},"16":{"start":{"line":26,"column":6},"end":{"line":26,"column":22}},"17":{"start":{"line":28,"column":4},"end":{"line":30,"column":5}},"18":{"start":{"line":29,"column":6},"end":{"line":29,"column":37}},"19":{"start":{"line":31,"column":4},"end":{"line":33,"column":5}},"20":{"start":{"line":32,"column":6},"end":{"line":32,"column":27}},"21":{"start":{"line":34,"column":4},"end":{"line":51,"column":5}},"22":{"start":{"line":35,"column":6},"end":{"line":44,"column":16}},"23":{"start":{"line":36,"column":8},"end":{"line":43,"column":10}},"24":{"start":{"line":37,"column":10},"end":{"line":37,"column":21}},"25":{"start":{"line":38,"column":10},"end":{"line":38,"column":24}},"26":{"start":{"line":39,"column":10},"end":{"line":41,"column":11}},"27":{"start":{"line":40,"column":12},"end":{"line":40,"column":79}},"28":{"start":{"line":42,"column":10},"end":{"line":42,"column":27}},"29":{"start":{"line":46,"column":6},"end":{"line":46,"column":44}},"30":{"start":{"line":47,"column":6},"end":{"line":49,"column":7}},"31":{"start":{"line":48,"column":8},"end":{"line":48,"column":72}},"32":{"start":{"line":50,"column":6},"end":{"line":50,"column":18}},"33":{"start":{"line":54,"column":2},"end":{"line":71,"column":4}},"34":{"start":{"line":55,"column":4},"end":{"line":55,"column":13}},"35":{"start":{"line":56,"column":4},"end":{"line":58,"column":5}},"36":{"start":{"line":57,"column":6},"end":{"line":57,"column":17}},"37":{"start":{"line":59,"column":4},"end":{"line":61,"column":5}},"38":{"start":{"line":60,"column":6},"end":{"line":60,"column":17}},"39":{"start":{"line":62,"column":4},"end":{"line":64,"column":5}},"40":{"start":{"line":63,"column":6},"end":{"line":63,"column":37}},"41":{"start":{"line":65,"column":4},"end":{"line":67,"column":5}},"42":{"start":{"line":66,"column":6},"end":{"line":66,"column":27}},"43":{"start":{"line":68,"column":4},"end":{"line":68,"column":24}},"44":{"start":{"line":69,"column":4},"end":{"line":69,"column":30}},"45":{"start":{"line":70,"column":4},"end":{"line":70,"column":78}},"46":{"start":{"line":73,"column":2},"end":{"line":82,"column":4}},"47":{"start":{"line":74,"column":4},"end":{"line":74,"column":24}},"48":{"start":{"line":75,"column":4},"end":{"line":77,"column":6}},"49":{"start":{"line":76,"column":6},"end":{"line":76,"column":55}},"50":{"start":{"line":78,"column":4},"end":{"line":81,"column":5}},"51":{"start":{"line":79,"column":6},"end":{"line":79,"column":51}},"52":{"start":{"line":80,"column":6},"end":{"line":80,"column":59}},"53":{"start":{"line":84,"column":2},"end":{"line":86,"column":4}},"54":{"start":{"line":85,"column":4},"end":{"line":85,"column":83}},"55":{"start":{"line":88,"column":2},"end":{"line":90,"column":4}},"56":{"start":{"line":89,"column":4},"end":{"line":89,"column":81}},"57":{"start":{"line":92,"column":2},"end":{"line":92,"column":14}},"58":{"start":{"line":96,"column":0},"end":{"line":98,"column":1}},"59":{"start":{"line":97,"column":2},"end":{"line":97,"column":21}},"60":{"start":{"line":100,"column":0},"end":{"line":102,"column":1}},"61":{"start":{"line":101,"column":2},"end":{"line":101,"column":19}},"62":{"start":{"line":104,"column":0},"end":{"line":104,"column":22}}},"branchMap":{"1":{"line":14,"type":"if","locations":[{"start":{"line":14,"column":4},"end":{"line":14,"column":4}},{"start":{"line":14,"column":4},"end":{"line":14,"column":4}}]},"2":{"line":17,"type":"if","locations":[{"start":{"line":17,"column":4},"end":{"line":17,"column":4}},{"start":{"line":17,"column":4},"end":{"line":17,"column":4}}]},"3":{"line":25,"type":"if","locations":[{"start":{"line":25,"column":4},"end":{"line":25,"column":4}},{"start":{"line":25,"column":4},"end":{"line":25,"column":4}}]},"4":{"line":28,"type":"if","locations":[{"start":{"line":28,"column":4},"end":{"line":28,"column":4}},{"start":{"line":28,"column":4},"end":{"line":28,"column":4}}]},"5":{"line":31,"type":"if","locations":[{"start":{"line":31,"column":4},"end":{"line":31,"column":4}},{"start":{"line":31,"column":4},"end":{"line":31,"column":4}}]},"6":{"line":34,"type":"if","locations":[{"start":{"line":34,"column":4},"end":{"line":34,"column":4}},{"start":{"line":34,"column":4},"end":{"line":34,"column":4}}]},"7":{"line":39,"type":"if","locations":[{"start":{"line":39,"column":10},"end":{"line":39,"column":10}},{"start":{"line":39,"column":10},"end":{"line":39,"column":10}}]},"8":{"line":47,"type":"if","locations":[{"start":{"line":47,"column":6},"end":{"line":47,"column":6}},{"start":{"line":47,"column":6},"end":{"line":47,"column":6}}]},"9":{"line":56,"type":"if","locations":[{"start":{"line":56,"column":4},"end":{"line":56,"column":4}},{"start":{"line":56,"column":4},"end":{"line":56,"column":4}}]},"10":{"line":59,"type":"if","locations":[{"start":{"line":59,"column":4},"end":{"line":59,"column":4}},{"start":{"line":59,"column":4},"end":{"line":59,"column":4}}]},"11":{"line":62,"type":"if","locations":[{"start":{"line":62,"column":4},"end":{"line":62,"column":4}},{"start":{"line":62,"column":4},"end":{"line":62,"column":4}}]},"12":{"line":65,"type":"if","locations":[{"start":{"line":65,"column":4},"end":{"line":65,"column":4}},{"start":{"line":65,"column":4},"end":{"line":65,"column":4}}]},"13":{"line":78,"type":"if","locations":[{"start":{"line":78,"column":4},"end":{"line":78,"column":4}},{"start":{"line":78,"column":4},"end":{"line":78,"column":4}}]},"14":{"line":78,"type":"cond-expr","locations":[{"start":{"line":78,"column":62},"end":{"line":78,"column":80}},{"start":{"line":78,"column":83},"end":{"line":78,"column":89}}]},"15":{"line":78,"type":"binary-expr","locations":[{"start":{"line":78,"column":9},"end":{"line":78,"column":39}},{"start":{"line":78,"column":43},"end":{"line":78,"column":59}}]},"16":{"line":96,"type":"if","locations":[{"start":{"line":96,"column":0},"end":{"line":96,"column":0}},{"start":{"line":96,"column":0},"end":{"line":96,"column":0}}]},"17":{"line":96,"type":"binary-expr","locations":[{"start":{"line":96,"column":4},"end":{"line":96,"column":33}},{"start":{"line":96,"column":37},"end":{"line":96,"column":52}}]},"18":{"line":100,"type":"if","locations":[{"start":{"line":100,"column":0},"end":{"line":100,"column":0}},{"start":{"line":100,"column":0},"end":{"line":100,"column":0}}]},"19":{"line":100,"type":"binary-expr","locations":[{"start":{"line":100,"column":4},"end":{"line":100,"column":33}},{"start":{"line":100,"column":37},"end":{"line":100,"column":52}}]}},"code":["// Generated by CoffeeScript 1.12.4","var Dumper, Parser, Utils, Yaml;","","Parser = require('./Parser');","","Dumper = require('./Dumper');","","Utils = require('./Utils');","","Yaml = (function() {","  function Yaml() {}","","  Yaml.parse = function(input, exceptionOnInvalidType, objectDecoder) {","    if (exceptionOnInvalidType == null) {","      exceptionOnInvalidType = false;","    }","    if (objectDecoder == null) {","      objectDecoder = null;","    }","    return new Parser().parse(input, exceptionOnInvalidType, objectDecoder);","  };","","  Yaml.parseFile = function(path, callback, exceptionOnInvalidType, objectDecoder) {","    var input;","    if (callback == null) {","      callback = null;","    }","    if (exceptionOnInvalidType == null) {","      exceptionOnInvalidType = false;","    }","    if (objectDecoder == null) {","      objectDecoder = null;","    }","    if (callback != null) {","      return Utils.getStringFromFile(path, (function(_this) {","        return function(input) {","          var result;","          result = null;","          if (input != null) {","            result = _this.parse(input, exceptionOnInvalidType, objectDecoder);","          }","          callback(result);","        };","      })(this));","    } else {","      input = Utils.getStringFromFile(path);","      if (input != null) {","        return this.parse(input, exceptionOnInvalidType, objectDecoder);","      }","      return null;","    }","  };","","  Yaml.dump = function(input, inline, indent, exceptionOnInvalidType, objectEncoder) {","    var yaml;","    if (inline == null) {","      inline = 2;","    }","    if (indent == null) {","      indent = 4;","    }","    if (exceptionOnInvalidType == null) {","      exceptionOnInvalidType = false;","    }","    if (objectEncoder == null) {","      objectEncoder = null;","    }","    yaml = new Dumper();","    yaml.indentation = indent;","    return yaml.dump(input, inline, 0, exceptionOnInvalidType, objectEncoder);","  };","","  Yaml.register = function() {","    var require_handler;","    require_handler = function(module, filename) {","      return module.exports = YAML.parseFile(filename);","    };","    if ((typeof require !== \"undefined\" && require !== null ? require.extensions : void 0) != null) {","      require.extensions['.yml'] = require_handler;","      return require.extensions['.yaml'] = require_handler;","    }","  };","","  Yaml.stringify = function(input, inline, indent, exceptionOnInvalidType, objectEncoder) {","    return this.dump(input, inline, indent, exceptionOnInvalidType, objectEncoder);","  };","","  Yaml.load = function(path, callback, exceptionOnInvalidType, objectDecoder) {","    return this.parseFile(path, callback, exceptionOnInvalidType, objectDecoder);","  };","","  return Yaml;","","})();","","if (typeof window !== \"undefined\" && window !== null) {","  window.YAML = Yaml;","}","","if (typeof window === \"undefined\" || window === null) {","  this.YAML = Yaml;","}","","module.exports = Yaml;",""],"l":{"2":1,"4":1,"6":1,"8":1,"10":1,"11":1,"13":1,"14":0,"15":0,"17":0,"18":0,"20":0,"23":1,"24":0,"25":0,"26":0,"28":0,"29":0,"31":0,"32":0,"34":0,"35":0,"36":0,"37":0,"38":0,"39":0,"40":0,"42":0,"46":0,"47":0,"48":0,"50":0,"54":1,"55":1,"56":1,"57":0,"59":1,"60":0,"62":1,"63":1,"65":1,"66":1,"68":1,"69":1,"70":1,"73":1,"74":0,"75":0,"76":0,"78":0,"79":0,"80":0,"84":1,"85":0,"88":1,"89":0,"92":1,"96":1,"97":0,"100":1,"101":1,"104":1}},"/home/travis/build/npmtest/node-npmtest-yamljs/node_modules/yamljs/lib/Parser.js":{"path":"/home/travis/build/npmtest/node-npmtest-yamljs/node_modules/yamljs/lib/Parser.js","s":{"1":1,"2":1,"3":1,"4":1,"5":1,"6":1,"7":1,"8":1,"9":1,"10":1,"11":1,"12":1,"13":1,"14":1,"15":1,"16":1,"17":1,"18":1,"19":1,"20":1,"21":1,"22":1,"23":1,"24":1,"25":1,"26":0,"27":0,"28":0,"29":0,"30":0,"31":1,"32":0,"33":0,"34":0,"35":0,"36":0,"37":0,"38":0,"39":0,"40":0,"41":0,"42":0,"43":0,"44":0,"45":0,"46":0,"47":0,"48":0,"49":0,"50":0,"51":0,"52":0,"53":0,"54":0,"55":0,"56":0,"57":0,"58":0,"59":0,"60":0,"61":0,"62":0,"63":0,"64":0,"65":0,"66":0,"67":0,"68":0,"69":0,"70":0,"71":0,"72":0,"73":0,"74":0,"75":0,"76":0,"77":0,"78":0,"79":0,"80":0,"81":0,"82":0,"83":0,"84":0,"85":0,"86":0,"87":0,"88":0,"89":0,"90":0,"91":0,"92":0,"93":0,"94":0,"95":0,"96":0,"97":0,"98":0,"99":0,"100":0,"101":0,"102":0,"103":0,"104":0,"105":0,"106":0,"107":0,"108":0,"109":0,"110":0,"111":0,"112":0,"113":0,"114":0,"115":0,"116":0,"117":0,"118":0,"119":0,"120":0,"121":0,"122":0,"123":0,"124":0,"125":0,"126":0,"127":0,"128":0,"129":0,"130":0,"131":0,"132":0,"133":0,"134":0,"135":0,"136":0,"137":0,"138":0,"139":0,"140":0,"141":0,"142":0,"143":0,"144":0,"145":0,"146":0,"147":0,"148":0,"149":0,"150":0,"151":0,"152":0,"153":0,"154":0,"155":0,"156":0,"157":0,"158":0,"159":0,"160":0,"161":0,"162":0,"163":0,"164":0,"165":0,"166":0,"167":0,"168":0,"169":0,"170":0,"171":0,"172":0,"173":0,"174":0,"175":0,"176":0,"177":0,"178":0,"179":0,"180":0,"181":0,"182":0,"183":0,"184":0,"185":0,"186":0,"187":0,"188":0,"189":0,"190":0,"191":1,"192":0,"193":1,"194":0,"195":1,"196":0,"197":0,"198":0,"199":0,"200":0,"201":0,"202":0,"203":0,"204":0,"205":0,"206":0,"207":0,"208":0,"209":0,"210":0,"211":0,"212":0,"213":0,"214":0,"215":0,"216":0,"217":0,"218":0,"219":0,"220":0,"221":0,"222":0,"223":0,"224":0,"225":0,"226":0,"227":0,"228":0,"229":0,"230":0,"231":0,"232":0,"233":1,"234":0,"235":0,"236":0,"237":0,"238":1,"239":0,"240":1,"241":0,"242":0,"243":0,"244":0,"245":0,"246":0,"247":0,"248":0,"249":0,"250":0,"251":0,"252":0,"253":0,"254":0,"255":0,"256":0,"257":0,"258":0,"259":0,"260":0,"261":0,"262":0,"263":0,"264":0,"265":0,"266":0,"267":0,"268":0,"269":0,"270":0,"271":0,"272":0,"273":1,"274":0,"275":0,"276":0,"277":0,"278":0,"279":0,"280":0,"281":0,"282":0,"283":0,"284":0,"285":0,"286":0,"287":0,"288":0,"289":0,"290":0,"291":0,"292":0,"293":0,"294":0,"295":0,"296":0,"297":0,"298":0,"299":0,"300":0,"301":0,"302":0,"303":0,"304":0,"305":0,"306":0,"307":0,"308":0,"309":0,"310":0,"311":0,"312":0,"313":0,"314":0,"315":0,"316":0,"317":0,"318":0,"319":0,"320":0,"321":0,"322":0,"323":1,"324":0,"325":0,"326":0,"327":0,"328":0,"329":0,"330":0,"331":0,"332":0,"333":0,"334":0,"335":0,"336":0,"337":0,"338":0,"339":0,"340":0,"341":1,"342":0,"343":0,"344":0,"345":1,"346":0,"347":1,"348":0,"349":0,"350":0,"351":1,"352":0,"353":0,"354":0,"355":0,"356":0,"357":0,"358":0,"359":0,"360":0,"361":0,"362":0,"363":0,"364":0,"365":0,"366":0,"367":0,"368":0,"369":0,"370":0,"371":0,"372":0,"373":0,"374":0,"375":0,"376":0,"377":0,"378":0,"379":0,"380":0,"381":0,"382":1,"383":0,"384":0,"385":0,"386":0,"387":0,"388":0,"389":0,"390":0,"391":0,"392":0,"393":0,"394":0,"395":0,"396":0,"397":0,"398":1,"399":0,"400":1,"401":1},"b":{"1":[0,0],"2":[0,0],"3":[0,0],"4":[0,0],"5":[0,0],"6":[0,0],"7":[0,0],"8":[0,0],"9":[0,0],"10":[0,0],"11":[0,0],"12":[0,0,0],"13":[0,0],"14":[0,0],"15":[0,0],"16":[0,0],"17":[0,0],"18":[0,0],"19":[0,0],"20":[0,0],"21":[0,0],"22":[0,0],"23":[0,0],"24":[0,0],"25":[0,0],"26":[0,0],"27":[0,0],"28":[0,0],"29":[0,0],"30":[0,0],"31":[0,0],"32":[0,0],"33":[0,0],"34":[0,0],"35":[0,0],"36":[0,0],"37":[0,0],"38":[0,0],"39":[0,0],"40":[0,0],"41":[0,0],"42":[0,0],"43":[0,0],"44":[0,0,0],"45":[0,0],"46":[0,0],"47":[0,0],"48":[0,0],"49":[0,0],"50":[0,0],"51":[0,0],"52":[0,0],"53":[0,0],"54":[0,0,0],"55":[0,0],"56":[0,0],"57":[0,0],"58":[0,0],"59":[0,0],"60":[0,0],"61":[0,0],"62":[0,0],"63":[0,0],"64":[0,0],"65":[0,0],"66":[0,0],"67":[0,0],"68":[0,0,0],"69":[0,0],"70":[0,0],"71":[0,0],"72":[0,0],"73":[0,0],"74":[0,0],"75":[0,0,0],"76":[0,0],"77":[0,0],"78":[0,0],"79":[0,0],"80":[0,0],"81":[0,0],"82":[0,0],"83":[0,0],"84":[0,0],"85":[0,0],"86":[0,0],"87":[0,0],"88":[0,0,0,0],"89":[0,0],"90":[0,0],"91":[0,0],"92":[0,0],"93":[0,0],"94":[0,0],"95":[0,0],"96":[0,0],"97":[0,0],"98":[0,0],"99":[0,0],"100":[0,0],"101":[0,0,0],"102":[0,0],"103":[0,0],"104":[0,0],"105":[0,0],"106":[0,0],"107":[0,0],"108":[0,0],"109":[0,0],"110":[0,0],"111":[0,0],"112":[0,0],"113":[0,0],"114":[0,0],"115":[0,0],"116":[0,0],"117":[0,0],"118":[0,0],"119":[0,0],"120":[0,0],"121":[0,0],"122":[0,0],"123":[0,0],"124":[0,0],"125":[0,0],"126":[0,0],"127":[0,0],"128":[0,0],"129":[0,0],"130":[0,0],"131":[0,0],"132":[0,0]},"f":{"1":1,"2":0,"3":0,"4":0,"5":0,"6":0,"7":0,"8":0,"9":0,"10":0,"11":0,"12":0,"13":0,"14":0,"15":0,"16":0,"17":0},"fnMap":{"1":{"name":"(anonymous_1)","line":14,"loc":{"start":{"line":14,"column":10},"end":{"line":14,"column":21}}},"2":{"name":"Parser","line":49,"loc":{"start":{"line":49,"column":2},"end":{"line":49,"column":26}}},"3":{"name":"(anonymous_3)","line":57,"loc":{"start":{"line":57,"column":27},"end":{"line":57,"column":82}}},"4":{"name":"(anonymous_4)","line":291,"loc":{"start":{"line":291,"column":42},"end":{"line":291,"column":53}}},"5":{"name":"(anonymous_5)","line":295,"loc":{"start":{"line":295,"column":47},"end":{"line":295,"column":58}}},"6":{"name":"(anonymous_6)","line":299,"loc":{"start":{"line":299,"column":39},"end":{"line":299,"column":90}}},"7":{"name":"(anonymous_7)","line":353,"loc":{"start":{"line":353,"column":36},"end":{"line":353,"column":47}}},"8":{"name":"(anonymous_8)","line":361,"loc":{"start":{"line":361,"column":40},"end":{"line":361,"column":51}}},"9":{"name":"(anonymous_9)","line":365,"loc":{"start":{"line":365,"column":32},"end":{"line":365,"column":87}}},"10":{"name":"(anonymous_10)","line":416,"loc":{"start":{"line":416,"column":39},"end":{"line":416,"column":83}}},"11":{"name":"(anonymous_11)","line":488,"loc":{"start":{"line":488,"column":40},"end":{"line":488,"column":65}}},"12":{"name":"(anonymous_12)","line":515,"loc":{"start":{"line":515,"column":40},"end":{"line":515,"column":51}}},"13":{"name":"(anonymous_13)","line":521,"loc":{"start":{"line":521,"column":40},"end":{"line":521,"column":51}}},"14":{"name":"(anonymous_14)","line":525,"loc":{"start":{"line":525,"column":42},"end":{"line":525,"column":53}}},"15":{"name":"(anonymous_15)","line":531,"loc":{"start":{"line":531,"column":29},"end":{"line":531,"column":45}}},"16":{"name":"(anonymous_16)","line":572,"loc":{"start":{"line":572,"column":52},"end":{"line":572,"column":81}}},"17":{"name":"(anonymous_17)","line":595,"loc":{"start":{"line":595,"column":54},"end":{"line":595,"column":65}}}},"statementMap":{"1":{"start":{"line":2,"column":0},"end":{"line":2,"column":62}},"2":{"start":{"line":4,"column":0},"end":{"line":4,"column":29}},"3":{"start":{"line":6,"column":0},"end":{"line":6,"column":31}},"4":{"start":{"line":8,"column":0},"end":{"line":8,"column":27}},"5":{"start":{"line":10,"column":0},"end":{"line":10,"column":55}},"6":{"start":{"line":12,"column":0},"end":{"line":12,"column":45}},"7":{"start":{"line":14,"column":0},"end":{"line":601,"column":5}},"8":{"start":{"line":15,"column":2},"end":{"line":15,"column":189}},"9":{"start":{"line":17,"column":2},"end":{"line":17,"column":161}},"10":{"start":{"line":19,"column":2},"end":{"line":19,"column":103}},"11":{"start":{"line":21,"column":2},"end":{"line":21,"column":87}},"12":{"start":{"line":23,"column":2},"end":{"line":23,"column":152}},"13":{"start":{"line":25,"column":2},"end":{"line":25,"column":148}},"14":{"start":{"line":27,"column":2},"end":{"line":27,"column":57}},"15":{"start":{"line":29,"column":2},"end":{"line":29,"column":62}},"16":{"start":{"line":31,"column":2},"end":{"line":31,"column":66}},"17":{"start":{"line":33,"column":2},"end":{"line":33,"column":87}},"18":{"start":{"line":35,"column":2},"end":{"line":35,"column":79}},"19":{"start":{"line":37,"column":2},"end":{"line":37,"column":87}},"20":{"start":{"line":39,"column":2},"end":{"line":39,"column":85}},"21":{"start":{"line":41,"column":2},"end":{"line":41,"column":61}},"22":{"start":{"line":43,"column":2},"end":{"line":43,"column":36}},"23":{"start":{"line":45,"column":2},"end":{"line":45,"column":40}},"24":{"start":{"line":47,"column":2},"end":{"line":47,"column":39}},"25":{"start":{"line":49,"column":2},"end":{"line":55,"column":3}},"26":{"start":{"line":50,"column":4},"end":{"line":50,"column":46}},"27":{"start":{"line":51,"column":4},"end":{"line":51,"column":20}},"28":{"start":{"line":52,"column":4},"end":{"line":52,"column":28}},"29":{"start":{"line":53,"column":4},"end":{"line":53,"column":26}},"30":{"start":{"line":54,"column":4},"end":{"line":54,"column":19}},"31":{"start":{"line":57,"column":2},"end":{"line":289,"column":4}},"32":{"start":{"line":58,"column":4},"end":{"line":58,"column":249}},"33":{"start":{"line":59,"column":4},"end":{"line":61,"column":5}},"34":{"start":{"line":60,"column":6},"end":{"line":60,"column":37}},"35":{"start":{"line":62,"column":4},"end":{"line":64,"column":5}},"36":{"start":{"line":63,"column":6},"end":{"line":63,"column":27}},"37":{"start":{"line":65,"column":4},"end":{"line":65,"column":28}},"38":{"start":{"line":66,"column":4},"end":{"line":66,"column":26}},"39":{"start":{"line":67,"column":4},"end":{"line":67,"column":49}},"40":{"start":{"line":68,"column":4},"end":{"line":68,"column":16}},"41":{"start":{"line":69,"column":4},"end":{"line":69,"column":32}},"42":{"start":{"line":70,"column":4},"end":{"line":70,"column":27}},"43":{"start":{"line":71,"column":4},"end":{"line":283,"column":5}},"44":{"start":{"line":72,"column":6},"end":{"line":74,"column":7}},"45":{"start":{"line":73,"column":8},"end":{"line":73,"column":17}},"46":{"start":{"line":75,"column":6},"end":{"line":77,"column":7}},"47":{"start":{"line":76,"column":8},"end":{"line":76,"column":135}},"48":{"start":{"line":78,"column":6},"end":{"line":78,"column":32}},"49":{"start":{"line":79,"column":6},"end":{"line":271,"column":7}},"50":{"start":{"line":80,"column":8},"end":{"line":82,"column":9}},"51":{"start":{"line":81,"column":10},"end":{"line":81,"column":90}},"52":{"start":{"line":83,"column":8},"end":{"line":83,"column":40}},"53":{"start":{"line":84,"column":8},"end":{"line":86,"column":9}},"54":{"start":{"line":85,"column":10},"end":{"line":85,"column":20}},"55":{"start":{"line":87,"column":8},"end":{"line":90,"column":9}},"56":{"start":{"line":88,"column":10},"end":{"line":88,"column":30}},"57":{"start":{"line":89,"column":10},"end":{"line":89,"column":39}},"58":{"start":{"line":91,"column":8},"end":{"line":114,"column":9}},"59":{"start":{"line":92,"column":10},"end":{"line":99,"column":11}},"60":{"start":{"line":93,"column":12},"end":{"line":93,"column":48}},"61":{"start":{"line":94,"column":12},"end":{"line":94,"column":35}},"62":{"start":{"line":95,"column":12},"end":{"line":95,"column":36}},"63":{"start":{"line":96,"column":12},"end":{"line":96,"column":111}},"64":{"start":{"line":98,"column":12},"end":{"line":98,"column":28}},"65":{"start":{"line":101,"column":10},"end":{"line":113,"column":11}},"66":{"start":{"line":102,"column":12},"end":{"line":102,"column":44}},"67":{"start":{"line":103,"column":12},"end":{"line":103,"column":35}},"68":{"start":{"line":104,"column":12},"end":{"line":104,"column":36}},"69":{"start":{"line":105,"column":12},"end":{"line":105,"column":33}},"70":{"start":{"line":106,"column":12},"end":{"line":106,"column":54}},"71":{"start":{"line":107,"column":12},"end":{"line":109,"column":13}},"72":{"start":{"line":108,"column":14},"end":{"line":108,"column":98}},"73":{"start":{"line":110,"column":12},"end":{"line":110,"column":82}},"74":{"start":{"line":112,"column":12},"end":{"line":112,"column":92}},"75":{"start":{"line":115,"column":13},"end":{"line":271,"column":7}},"76":{"start":{"line":116,"column":8},"end":{"line":118,"column":9}},"77":{"start":{"line":117,"column":10},"end":{"line":117,"column":90}},"78":{"start":{"line":119,"column":8},"end":{"line":119,"column":39}},"79":{"start":{"line":120,"column":8},"end":{"line":122,"column":9}},"80":{"start":{"line":121,"column":10},"end":{"line":121,"column":20}},"81":{"start":{"line":123,"column":8},"end":{"line":123,"column":64}},"82":{"start":{"line":124,"column":8},"end":{"line":131,"column":9}},"83":{"start":{"line":125,"column":10},"end":{"line":125,"column":47}},"84":{"start":{"line":127,"column":10},"end":{"line":127,"column":20}},"85":{"start":{"line":128,"column":10},"end":{"line":128,"column":57}},"86":{"start":{"line":129,"column":10},"end":{"line":129,"column":39}},"87":{"start":{"line":130,"column":10},"end":{"line":130,"column":18}},"88":{"start":{"line":132,"column":8},"end":{"line":207,"column":9}},"89":{"start":{"line":133,"column":10},"end":{"line":133,"column":27}},"90":{"start":{"line":134,"column":10},"end":{"line":134,"column":32}},"91":{"start":{"line":135,"column":10},"end":{"line":203,"column":11}},"92":{"start":{"line":136,"column":12},"end":{"line":136,"column":44}},"93":{"start":{"line":137,"column":12},"end":{"line":139,"column":13}},"94":{"start":{"line":138,"column":14},"end":{"line":138,"column":137}},"95":{"start":{"line":140,"column":12},"end":{"line":140,"column":42}},"96":{"start":{"line":141,"column":12},"end":{"line":143,"column":13}},"97":{"start":{"line":142,"column":14},"end":{"line":142,"column":156}},"98":{"start":{"line":144,"column":12},"end":{"line":158,"column":13}},"99":{"start":{"line":145,"column":14},"end":{"line":150,"column":15}},"100":{"start":{"line":146,"column":16},"end":{"line":146,"column":36}},"101":{"start":{"line":147,"column":16},"end":{"line":149,"column":17}},"102":{"start":{"line":148,"column":18},"end":{"line":148,"column":37}},"103":{"start":{"line":152,"column":14},"end":{"line":157,"column":15}},"104":{"start":{"line":153,"column":16},"end":{"line":153,"column":38}},"105":{"start":{"line":154,"column":16},"end":{"line":156,"column":17}},"106":{"start":{"line":155,"column":18},"end":{"line":155,"column":36}},"107":{"start":{"line":160,"column":12},"end":{"line":164,"column":13}},"108":{"start":{"line":161,"column":14},"end":{"line":161,"column":35}},"109":{"start":{"line":163,"column":14},"end":{"line":163,"column":47}},"110":{"start":{"line":165,"column":12},"end":{"line":165,"column":48}},"111":{"start":{"line":166,"column":12},"end":{"line":166,"column":35}},"112":{"start":{"line":167,"column":12},"end":{"line":167,"column":36}},"113":{"start":{"line":168,"column":12},"end":{"line":168,"column":65}},"114":{"start":{"line":169,"column":12},"end":{"line":171,"column":13}},"115":{"start":{"line":170,"column":14},"end":{"line":170,"column":156}},"116":{"start":{"line":172,"column":12},"end":{"line":202,"column":13}},"117":{"start":{"line":173,"column":14},"end":{"line":194,"column":15}},"118":{"start":{"line":174,"column":16},"end":{"line":174,"column":39}},"119":{"start":{"line":175,"column":16},"end":{"line":177,"column":17}},"120":{"start":{"line":176,"column":18},"end":{"line":176,"column":120}},"121":{"start":{"line":178,"column":16},"end":{"line":193,"column":17}},"122":{"start":{"line":179,"column":18},"end":{"line":185,"column":19}},"123":{"start":{"line":180,"column":20},"end":{"line":180,"column":42}},"124":{"start":{"line":181,"column":20},"end":{"line":181,"column":34}},"125":{"start":{"line":182,"column":20},"end":{"line":184,"column":21}},"126":{"start":{"line":183,"column":22},"end":{"line":183,"column":38}},"127":{"start":{"line":187,"column":18},"end":{"line":192,"column":19}},"128":{"start":{"line":188,"column":20},"end":{"line":188,"column":44}},"129":{"start":{"line":189,"column":20},"end":{"line":191,"column":21}},"130":{"start":{"line":190,"column":22},"end":{"line":190,"column":40}},"131":{"start":{"line":196,"column":14},"end":{"line":201,"column":15}},"132":{"start":{"line":197,"column":16},"end":{"line":197,"column":36}},"133":{"start":{"line":198,"column":16},"end":{"line":200,"column":17}},"134":{"start":{"line":199,"column":18},"end":{"line":199,"column":36}},"135":{"start":{"line":204,"column":15},"end":{"line":207,"column":9}},"136":{"start":{"line":205,"column":10},"end":{"line":205,"column":30}},"137":{"start":{"line":206,"column":10},"end":{"line":206,"column":39}},"138":{"start":{"line":208,"column":8},"end":{"line":229,"column":9}},"139":{"start":{"line":210,"column":15},"end":{"line":229,"column":9}},"140":{"start":{"line":211,"column":10},"end":{"line":223,"column":11}},"141":{"start":{"line":212,"column":12},"end":{"line":214,"column":13}},"142":{"start":{"line":213,"column":14},"end":{"line":213,"column":31}},"143":{"start":{"line":216,"column":12},"end":{"line":216,"column":48}},"144":{"start":{"line":217,"column":12},"end":{"line":217,"column":35}},"145":{"start":{"line":218,"column":12},"end":{"line":218,"column":36}},"146":{"start":{"line":219,"column":12},"end":{"lin
[...]
} ","} catch (e) {","    process.stderr.write((e.message ? e.message : e)+\"\\n\");","}",""],"l":{"6":1,"8":1,"9":1,"15":1,"24":1,"33":1,"41":1,"49":1,"57":1,"61":1,"62":1,"63":1,"64":1,"65":1,"67":1,"68":1,"69":1,"70":1,"71":1,"72":1,"74":0,"75":0,"76":0,"78":0,"79":0,"81":0,"82":0,"84":0,"88":1,"89":1,"90":1,"91":1,"93":1,"94":0,"97":1,"98":0,"101":1,"105":1,"107":0,"111":1,"112":1,"113":1,"114":1,"116":1,"117":1,"119":1,"121":1,"123":1,"126":0,"127":0,"128":0,"131":0,"135":0,"136":0,"137":0,"138":0,"142":1,"143":1,"145":1,"146":1,"147":1,"148":1,"149":1,"150":1,"151":1,"152":1,"153":1,"154":1,"155":1,"156":1,"157":1,"163":0,"164":0,"165":0,"166":0,"168":0,"169":0,"173":0,"177":1,"178":1,"180":0,"181":0,"184":0}},"/home/travis/build/npmtest/node-npmtest-yamljs/node_modules/yamljs/cli/yaml2json.js":{"path":"/home/travis/build/npmtest/node-npmtest-yamljs/node_modules/yamljs/cli/yaml2json.js","s":{"1":1,"2":1,"3":1,"4":1,"5":1,"6":1,"7":1,"8":1,"9":1,"10":1,"11":1,"12":1,"13":1,"14":1,"15":1,"16":1,"17":1,"18":0,"19":1,"20":1,"21":1,"22":0,"23":0,"24":0,"25":0,"26":0,"27":0,"28":0,"29":0,"30":1,"31":1,"32":1,"33":1,"34":1,"35":0,"36":1,"37":0,"38":0,"39":1,"40":1,"41":1,"42":0,"43":1,"44":0,"45":0,"46":0,"47":0,"48":0,"49":0,"50":0,"51":0,"52":0,"53":0,"54":0,"55":0,"56":0,"57":0,"58":0,"59":0,"60":0,"61":0,"62":0,"63":0,"64":0,"65":0,"66":1,"67":1,"68":1,"69":1,"70":1,"71":1,"72":1,"73":1,"74":0,"75":0,"76":0,"77":0,"78":0,"79":0,"80":0,"81":0,"82":0,"83":0,"84":0,"85":0,"86":0,"87":0,"88":1,"89":1,"90":0,"91":0,"92":0},"b":{"1":[0,1],"2":[1,0],"3":[0,0],"4":[0,0],"5":[0,0],"6":[0,0],"7":[1,0],"8":[1,1],"9":[0,1],"10":[0,1],"11":[0,0],"12":[0,0],"13":[0,0],"14":[0,0],"15":[0,0],"16":[0,0],"17":[0,0],"18":[0,0],"19":[1,0],"20":[0,0],"21":[0,0],"22":[0,0],"23":[0,0],"24":[1,0],"25":[0,0]},"f":{"1":1,"2":1,"3":0,"4":1,"5":0,"6":0},"fnMap":{"1":{"name":"(anonymous_1)","line":67,"loc":{"start":{"line":67,"column":20},"end":{"line":67,"column":36}}},"2":{"name":"(anonymous_2)","line":87,"loc":{"start":{"line":87,"column":20},"end":{"line":87,"column":36}}},"3":{"name":"(anonymous_3)","line":112,"loc":{"start":{"line":112,"column":24},"end":{"line":112,"column":67}}},"4":{"name":"(anonymous_4)","line":158,"loc":{"start":{"line":158,"column":21},"end":{"line":158,"column":32}}},"5":{"name":"(anonymous_5)","line":179,"loc":{"start":{"line":179,"column":33},"end":{"line":179,"column":49}}},"6":{"name":"(anonymous_6)","line":182,"loc":{"start":{"line":182,"column":32},"end":{"line":182,"column":43}}}},"statementMap":{"1":{"start":{"line":6,"column":0},"end":{"line":6,"column":37}},"2":{"start":{"line":8,"column":0},"end":{"line":8,"column":56}},"3":{"start":{"line":9,"column":0},"end":{"line":13,"column":3}},"4":{"start":{"line":15,"column":0},"end":{"line":21,"column":2}},"5":{"start":{"line":23,"column":0},"end":{"line":30,"column":2}},"6":{"start":{"line":32,"column":0},"end":{"line":38,"column":2}},"7":{"start":{"line":40,"column":0},"end":{"line":46,"column":2}},"8":{"start":{"line":48,"column":0},"end":{"line":54,"column":2}},"9":{"start":{"line":56,"column":0},"end":{"line":58,"column":3}},"10":{"start":{"line":60,"column":0},"end":{"line":199,"column":1}},"11":{"start":{"line":61,"column":4},"end":{"line":61,"column":34}},"12":{"start":{"line":62,"column":4},"end":{"line":62,"column":31}},"13":{"start":{"line":63,"column":4},"end":{"line":63,"column":29}},"14":{"start":{"line":64,"column":4},"end":{"line":64,"column":31}},"15":{"start":{"line":66,"column":4},"end":{"line":66,"column":33}},"16":{"start":{"line":67,"column":4},"end":{"line":84,"column":6}},"17":{"start":{"line":68,"column":8},"end":{"line":68,"column":37}},"18":{"start":{"line":68,"column":26},"end":{"line":68,"column":37}},"19":{"start":{"line":69,"column":8},"end":{"line":69,"column":19}},"20":{"start":{"line":70,"column":8},"end":{"line":72,"column":9}},"21":{"start":{"line":71,"column":12},"end":{"line":71,"column":28}},"22":{"start":{"line":73,"column":8},"end":{"line":73,"column":39}},"23":{"start":{"line":74,"column":8},"end":{"line":76,"column":9}},"24":{"start":{"line":75,"column":12},"end":{"line":75,"column":28}},"25":{"start":{"line":77,"column":8},"end":{"line":79,"column":9}},"26":{"start":{"line":78,"column":12},"end":{"line":78,"column":63}},"27":{"start":{"line":80,"column":8},"end":{"line":82,"column":9}},"28":{"start":{"line":81,"column":12},"end":{"line":81,"column":55}},"29":{"start":{"line":83,"column":8},"end":{"line":83,"column":22}},"30":{"start":{"line":87,"column":4},"end":{"line":109,"column":6}},"31":{"start":{"line":88,"column":8},"end":{"line":107,"column":9}},"32":{"start":{"line":89,"column":12},"end":{"line":89,"column":63}},"33":{"start":{"line":90,"column":12},"end":{"line":90,"column":27}},"34":{"start":{"line":92,"column":12},"end":{"line":104,"column":13}},"35":{"start":{"line":93,"column":16},"end":{"line":93,"column":34}},"36":{"start":{"line":96,"column":16},"end":{"line":103,"column":17}},"37":{"start":{"line":97,"column":20},"end":{"line":97,"column":71}},"38":{"start":{"line":98,"column":20},"end":{"line":98,"column":72}},"39":{"start":{"line":101,"column":20},"end":{"line":101,"column":68}},"40":{"start":{"line":102,"column":20},"end":{"line":102,"column":69}},"41":{"start":{"line":106,"column":12},"end":{"line":106,"column":25}},"42":{"start":{"line":108,"column":8},"end":{"line":108,"column":20}},"43":{"start":{"line":112,"column":4},"end":{"line":153,"column":6}},"44":{"start":{"line":113,"column":8},"end":{"line":113,"column":17}},"45":{"start":{"line":114,"column":8},"end":{"line":114,"column":39}},"46":{"start":{"line":114,"column":28},"end":{"line":114,"column":39}},"47":{"start":{"line":115,"column":8},"end":{"line":129,"column":9}},"48":{"start":{"line":116,"column":12},"end":{"line":121,"column":13}},"49":{"start":{"line":117,"column":16},"end":{"line":117,"column":69}},"50":{"start":{"line":120,"column":16},"end":{"line":120,"column":55}},"51":{"start":{"line":123,"column":12},"end":{"line":128,"column":13}},"52":{"start":{"line":124,"column":16},"end":{"line":124,"column":75}},"53":{"start":{"line":127,"column":16},"end":{"line":127,"column":61}},"54":{"start":{"line":131,"column":8},"end":{"line":152,"column":9}},"55":{"start":{"line":133,"column":12},"end":{"line":133,"column":44}},"56":{"start":{"line":136,"column":12},"end":{"line":136,"column":23}},"57":{"start":{"line":137,"column":12},"end":{"line":145,"column":13}},"58":{"start":{"line":138,"column":16},"end":{"line":138,"column":67}},"59":{"start":{"line":140,"column":17},"end":{"line":145,"column":13}},"60":{"start":{"line":141,"column":16},"end":{"line":141,"column":67}},"61":{"start":{"line":144,"column":16},"end":{"line":144,"column":41}},"62":{"start":{"line":148,"column":12},"end":{"line":148,"column":49}},"63":{"start":{"line":149,"column":12},"end":{"line":149,"column":37}},"64":{"start":{"line":150,"column":12},"end":{"line":150,"column":31}},"65":{"start":{"line":151,"column":12},"end":{"line":151,"column":55}},"66":{"start":{"line":155,"column":4},"end":{"line":155,"column":41}},"67":{"start":{"line":156,"column":4},"end":{"line":156,"column":20}},"68":{"start":{"line":158,"column":4},"end":{"line":189,"column":6}},"69":{"start":{"line":159,"column":8},"end":{"line":188,"column":9}},"70":{"start":{"line":160,"column":12},"end":{"line":160,"column":41}},"71":{"start":{"line":161,"column":12},"end":{"line":185,"column":13}},"72":{"start":{"line":162,"column":16},"end":{"line":162,"column":39}},"73":{"start":{"line":164,"column":16},"end":{"line":174,"column":17}},"74":{"start":{"line":165,"column":20},"end":{"line":165,"column":40}},"75":{"start":{"line":166,"column":20},"end":{"line":166,"column":49}},"76":{"start":{"line":167,"column":20},"end":{"line":167,"column":52}},"77":{"start":{"line":168,"column":20},"end":{"line":173,"column":21}},"78":{"start":{"line":169,"column":24},"end":{"line":172,"column":25}},"79":{"start":{"line":170,"column":28},"end":{"line":170,"column":48}},"80":{"start":{"line":171,"column":28},"end":{"line":171,"column":99}},"81":{"start":{"line":177,"column":16},"end":{"line":177,"column":48}},"82":{"start":{"line":178,"column":16},"end":{"line":178,"column":30}},"83":{"start":{"line":179,"column":16},"end":{"line":181,"column":19}},"84":{"start":{"line":180,"column":20},"end":{"line":180,"column":34}},"85":{"start":{"line":182,"column":16},"end":{"line":184,"column":19}},"86":{"start":{"line":183,"column":20},"end":{"line":183,"column":97}},"87":{"start":{"line":187,"column":12},"end":{"line":187,"column":67}},"88":{"start":{"line":191,"column":4},"end":{"line":196,"column":5}},"89":{"start":{"line":192,"column":8},"end":{"line":192,"column":21}},"90":{"start":{"line":194,"column":8},"end":{"line":194,"column":21}},"91":{"start":{"line":195,"column":8},"end":{"line":195,"column":38}},"92":{"start":{"line":198,"column":4},"end":{"line":198,"column":59}}},"branchMap":{"1":{"line":68,"type":"if","locations":[{"start":{"line":68,"column":8},"end":{"line":68,"column":8}},{"start":{"line":68,"column":8},"end":{"line":68,"column":8}}]},"2":{"line":70,"type":"if","locations":[{"start":{"line":70,"column":8},"end":{"line":70,"column":8}},{"start":{"line":70,"column":8},"end":{"line":70,"column":8}}]},"3":{"line":74,"type":"if","locations":[{"start":{"line":74,"column":8},"end":{"line":74,"column":8}},{"start":{"line":74,"column":8},"end":{"line":74,"column":8}}]},"4":{"line":77,"type":"if","locations":[{"start":{"line":77,"column":8},"end":{"line":77,"column":8}},{"start":{"line":77,"column":8},"end":{"line":77,"column":8}}]},"5":{"line":80,"type":"if","locations":[{"start":{"line":80,"column":8},"end":{"line":80,"column":8}},{"start":{"line":80,"column":8},"end":{"line":80,"column":8}}]},"6":{"line":80,"type":"binary-expr","locations":[{"start":{"line":80,"column":12},"end":{"line":80,"column":29}},{"start":{"line":80,"column":33},"end":{"line":80,"column":73}}]},"7":{"line":88,"type":"if","locations":[{"start":{"line":88,"column":8},"end":{"line":88,"column":8}},{"start":{"line":88,"column":8},"end":{"line":88,"column":8}}]},"8":{"line":88,"type":"binary-expr","locations":[{"start":{"line":88,"column":12},"end":{"line":88,"column":24}},{"start":{"line":88,"column":28},"end":{"line":88,"column":41}}]},"9":{"line":92,"type":"if","locations":[{"start":{"line":92,"column":12},"end":{"line":92,"column":12}},{"start":{"line":92,"column":12},"end":{"line":92,"column":12}}]},"10":{"line":96,"type":"if","locations":[{"start":{"line":96,"column":16},"end":{"line":96,"column":16}},{"start":{"line":96,"column":16},"end":{"line":96,"column":16}}]},"11":{"line":114,"type":"if","locations":[{"start":{"line":114,"column":8},"end":{"line":114,"column":8}},{"start":{"line":114,"column":8},"end":{"line":114,"column":8}}]},"12":{"line":115,"type":"if","locations":[{"start":{"line":115,"column":8},"end":{"line":115,"column":8}},{"start":{"line":115,"column":8},"end":{"line":115,"column":8}}]},"13":{"line":116,"type":"if","locations":[{"start":{"line":116,"column":12},"end":{"line":116,"column":12}},{"start":{"line":116,"column":12},"end":{"line":116,"column":12}}]},"14":{"line":123,"type":"if","locations":[{"start":{"line":123,"column":12},"end":{"line":123,"column":12}},{"start":{"line":123,"column":12},"end":{"line":123,"column":12}}]},"15":{"line":131,"type":"if","locations":[{"start":{"line":131,"column":8},"end":{"line":131,"column":8}},{"start":{"line":131,"column":8},"end":{"line":131,"column":8}}]},"16":{"line":131,"type":"binary-expr","locations":[{"start":{"line":131,"column":12},"end":{"line":131,"column":17}},{"start":{"line":131,"column":21},"end":{"line":131,"column":34}}]},"17":{"line":137,"type":"if","locations":[{"start":{"line":137,"column":12},"end":{"line":137,"column":12}},{"start":{"line":137,"column":12},"end":{"line":137,"column":12}}]},"18":{"line":140,"type":"if","locations":[{"start":{"line":140,"column":17},"end":{"line":140,"column":17}},{"start":{"line":140,"column":17},"end":{"line":140,"column":17}}]},"19":{"line":161,"type":"if","locations":[{"start":{"line":161,"column":12},"end":{"line":161,"column":12}},{"start":{"line":161,"column":12},"end":{"line":161,"column":12}}]},"20":{"line":168,"type":"if","locations":[{"start":{"line":168,"column":20},"end":{"line":168,"column":20}},{"start":{"line":168,"column":20},"end":{"line":168,"column":20}}]},"21":{"line":169,"type":"if","locations":[{"start":{"line":169,"column":24},"end":{"line":169,"column":24}},{"start":{"line":169,"column":24},"end":{"line":169,"column":24}}]},"22":{"line":169,"type":"binary-expr","locations":[{"start":{"line":169,"column":28},"end":{"line":169,"column":41}},{"start":{"line":169,"column":45},"end":{"line":169,"column":64}}]},"23":{"line":187,"type":"cond-expr","locations":[{"start":{"line":187,"column":46},"end":{"line":187,"column":55}},{"start":{"line":187,"column":58},"end":{"line":187,"column":59}}]},"24":{"line":191,"type":"if","locations":[{"start":{"line":191,"column":4},"end":{"line":191,"column":4}},{"start":{"line":191,"column":4},"end":{"line":191,"column":4}}]},"25":{"line":198,"type":"cond-expr","locations":[{"start":{"line":198,"column":38},"end":{"line":198,"column":47}},{"start":{"line":198,"column":50},"end":{"line":198,"column":51}}]}},"code":["","/**"," * yaml2json cli program"," */"," ","var YAML = require('../lib/Yaml.js');","","var ArgumentParser = require('argparse').ArgumentParser;","var cli = new ArgumentParser({","    prog:           \"yaml2json\", ","    version:        require('../package.json').version,","    addHelp:        true","});","","cli.addArgument(","    ['-p', '--pretty'],","    {","        help:   'Output pretty (indented) JSON.',","        action: 'storeTrue'","    }",");","","cli.addArgument(","    ['-i', '--indentation'],","    {","        action: 'store',","        type:   'int', ","        help:   'Number of space characters used to indent code (use with --pretty, default: 2).',","    }",");","","cli.addArgument(","    ['-s', '--save'],","    {","        help:   'Save output inside JSON file(s) with the same name.',","        action: 'storeTrue'","    }",");","","cli.addArgument(","    ['-r', '--recursive'],","    {","        help:   'If the input is a directory, also find YAML files in sub-directories recursively.',","        action: 'storeTrue'","    }",");","","cli.addArgument(","    ['-w', '--watch'],","    {","        help:   'Watch for changes.',","        action: 'storeTrue'","    }",");","","cli.addArgument(['input'], {","    help:   'YAML file or directory containing YAML files or - to read YAML from stdin.'","});","","try {","    var options = cli.parseArgs();","    var path = require('path');","    var fs   = require('fs');","    var glob = require('glob');","    ","    var rootPath = process.cwd();","    var parsePath = function(input) {","        if (input == '-') return '-';","        var output;","        if (!(input != null)) {","            return rootPath;","        }","        output = path.normalize(input);","        if (output.length === 0) {","            return rootPath;","        }","        if (output.charAt(0) !== '/') {","            output = path.normalize(rootPath + '/./' + output);","        }","        if (output.length > 1 && output.charAt(output.length - 1) === '/') {","            return output.substr(0, output.length - 1);","        }","        return output;","    };","","    // Find files","    var findFiles = function(input) {","        if (input != '-' && input != null) {","            var isDirectory = fs.statSync(input).isDirectory();","            var files = [];","","            if (!isDirectory) {","                files.push(input);","            }","            else {","                if (options.recursive) {","                    files = files.concat(glob.sync(input+'/**/*.yml'));","                    files = files.concat(glob.sync(input+'/**/*.yaml'));","                }","                else {","                    files = files.concat(glob.sync(input+'/*.yml'));","                    files = files.concat(glob.sync(input+'/*.yaml'));","                }","            }","        ","            return files;","        }","        return null;","    };","","    // Convert to JSON","    var convertToJSON = function(input, pretty, save, spaces, str) {","        var json;","        if (spaces == null) spaces = 2;","        if (str != null) {","            if (pretty) {","                json = JSON.stringify(YAML.parse(str), null, spaces);","            }","            else {","                json = JSON.stringify(YAML.parse(str));","            }","        } else {","            if (pretty) {","                json = JSON.stringify(YAML.parseFile(input), null, spaces);","            }","            else {","                json = JSON.stringify(YAML.parseFile(input));","            }","        }","    ","        if (!save || input == null) {","            // Ouput result","            process.stdout.write(json+\"\\n\");","        }","        else {","            var output;","            if (input.substring(input.length-4) == '.yml') {","                output = input.substr(0, input.length-4) + '.json';","            }","            else if (input.substring(input.length-5) == '.yaml') {","                output = input.substr(0, input.length-5) + '.json';","            }","            else {","                output = input + '.json';","            }","        ","            // Write file","            var file = fs.openSync(output, 'w+');","            fs.writeSync(file, json);","            fs.closeSync(file);","            process.stdout.write(\"saved \"+output+\"\\n\");","        }","    };","","    var input = parsePath(options.input);","    var mtimes = [];","","    var runCommand = function() {","        try {","            var files = findFiles(input);","            if (files != null) {","                var len = files.length;","","                for (var i = 0; i < len; i++) {","                    var file = files[i];","                    var stat = fs.statSync(file);","                    var time = stat.mtime.getTime();","                    if (!stat.isDirectory()) {","                        if (!mtimes[file] || mtimes[file] < time) {","                            mtimes[file] = time;","                            convertToJSON(file, options.pretty, options.save, options.indentation);","                        }","                    }","                }","            } else {","                // Read from STDIN","                var stdin = process.openStdin();","                var data = \"\";","                stdin.on('data', function(chunk) {","                    data += chunk;","                });","                stdin.on('end', function() {","                    convertToJSON(null, options.pretty, options.save, options.indentation, data);","                });","            }","        } catch (e) {","            process.stderr.write((e.message ? e.message : e)+\"\\n\");","        }","    };","","    if (!options.watch) {","        runCommand();","    } else {","        runCommand();","        setInterval(runCommand, 1000);","    } ","} catch (e) {","    process.stderr.write((e.message ? e.message : e)+\"\\n\");","}",""],"l":{"6":1,"8":1,"9":1,"15":1,"23":1,"32":1,"40":1,"48":1,"56":1,"60":1,"61":1,"62":1,"63":1,"64":1,"66":1,"67":1,"68":1,"69":1,"70":1,"71":1,"73":0,"74":0,"75":0,"77":0,"78":0,"80":0,"81":0,"83":0,"87":1,"88":1,"89":1,"90":1,"92":1,"93":0,"96":1,"97":0,"98":0,"101":1,"102":1,"106":1,"108":0,"112":1,"113":0,"114":0,"115":0,"116":0,"117":0,"120":0,"123":0,"124":0,"127":0,"131":0,"133":0,"136":0,"137":0,"138":0,"140":0,"141":0,"144":0,"148":0,"149":0,"150":0,"151":0,"155":1,"156":1,"158":1,"159":1,"160":1,"161":1,"162":1,"164":1,"165":0,"166":0,"167":0,"168":0,"169":0,"170":0,"171":0,"177":0,"178":0,"179":0,"180":0,"182":0,"183":0,"187":0,"191":1,"192":1,"194":0,"195":0,"198":0}}}